Removed Pin From Net: NetName=PWM2 Pin=P1-1
Removed Pin From Net: NetName=SD2 Pin=P1-2
Removed Pin From Net: NetName=PWM1 Pin=P1-3
Removed Pin From Net: NetName=SD1 Pin=P1-4
Removed Pin From Net: NetName=PWM4 Pin=P2-1
Removed Pin From Net: NetName=SD4 Pin=P2-2
Removed Pin From Net: NetName=PWM3 Pin=P2-3
Removed Pin From Net: NetName=SD3 Pin=P2-4
Removed Pin From Net: NetName=PWM6 Pin=P3-1
Removed Pin From Net: NetName=SD6 Pin=P3-2
Removed Pin From Net: NetName=PWM5 Pin=P3-3
Removed Pin From Net: NetName=SD5 Pin=P3-4
Removed Pin From Net: NetName=PWM8 Pin=P4-1
Removed Pin From Net: NetName=SD8 Pin=P4-2
Removed Pin From Net: NetName=PWM7 Pin=P4-3
Removed Pin From Net: NetName=SD7 Pin=P4-4
Added Pin To Net: NetName=SD2 Pin=P1-1
Added Pin To Net: NetName=PWM2 Pin=P1-2
Added Pin To Net: NetName=SD1 Pin=P1-3
Added Pin To Net: NetName=PWM1 Pin=P1-4
Added Pin To Net: NetName=SD4 Pin=P2-1
Added Pin To Net: NetName=PWM4 Pin=P2-2
Added Pin To Net: NetName=SD3 Pin=P2-3
Added Pin To Net: NetName=PWM3 Pin=P2-4
Added Pin To Net: NetName=SD6 Pin=P3-1
Added Pin To Net: NetName=PWM6 Pin=P3-2
Added Pin To Net: NetName=SD5 Pin=P3-3
Added Pin To Net: NetName=PWM5 Pin=P3-4
Added Pin To Net: NetName=SD8 Pin=P4-1
Added Pin To Net: NetName=PWM8 Pin=P4-2
Added Pin To Net: NetName=SD7 Pin=P4-3
Added Pin To Net: NetName=PWM7 Pin=P4-4
Added Room: Name=Лузм
