Removed Pin From Net: NetName=SD2 Pin=P1-1
Removed Pin From Net: NetName=PWM2 Pin=P1-2
Removed Pin From Net: NetName=SD4 Pin=P2-1
Removed Pin From Net: NetName=PWM4 Pin=P2-2
Removed Pin From Net: NetName=SD6 Pin=P3-1
Removed Pin From Net: NetName=PWM6 Pin=P3-2
Removed Pin From Net: NetName=SD8 Pin=P4-1
Removed Pin From Net: NetName=PWM8 Pin=P4-2
Change component parameters: Designator = "P1"; Footprint = "MX 1.25-WS-4P"; UniqueID = "\WBYQGQVX"
Change component parameters. Clean all parameters for all variants
Change component parameters (AddParameter): Name = "LatestRevisionDate"; Value = "17-Jul-2002"; VariantName = "[No Variations]"
Change component parameters (AddParameter): Name = "LatestRevisionNote"; Value = "Re-released for DXP Platform."; VariantName = "[No Variations]"
Change component parameters (AddParameter): Name = "Publisher"; Value = "Altium Limited"; VariantName = "[No Variations]"
Change component parameters: Designator = "P2"; Footprint = "MX 1.25-WS-4P"; UniqueID = "\EBTWSIXM"
Change component parameters. Clean all parameters for all variants
Change component parameters (AddParameter): Name = "LatestRevisionDate"; Value = "17-Jul-2002"; VariantName = "[No Variations]"
Change component parameters (AddParameter): Name = "LatestRevisionNote"; Value = "Re-released for DXP Platform."; VariantName = "[No Variations]"
Change component parameters (AddParameter): Name = "Publisher"; Value = "Altium Limited"; VariantName = "[No Variations]"
Change component parameters: Designator = "P3"; Footprint = "MX 1.25-WS-4P"; UniqueID = "\HTTYBURC"
Change component parameters. Clean all parameters for all variants
Change component parameters (AddParameter): Name = "LatestRevisionDate"; Value = "17-Jul-2002"; VariantName = "[No Variations]"
Change component parameters (AddParameter): Name = "LatestRevisionNote"; Value = "Re-released for DXP Platform."; VariantName = "[No Variations]"
Change component parameters (AddParameter): Name = "Publisher"; Value = "Altium Limited"; VariantName = "[No Variations]"
Change component parameters: Designator = "P4"; Footprint = "MX 1.25-WS-4P"; UniqueID = "\XYKNGFWN"
Change component parameters. Clean all parameters for all variants
Change component parameters (AddParameter): Name = "LatestRevisionDate"; Value = "17-Jul-2002"; VariantName = "[No Variations]"
Change component parameters (AddParameter): Name = "LatestRevisionNote"; Value = "Re-released for DXP Platform."; VariantName = "[No Variations]"
Change component parameters (AddParameter): Name = "Publisher"; Value = "Altium Limited"; VariantName = "[No Variations]"
Change component parameters: Designator = "P5"; Footprint = "MX 1.25-WS-4P"; UniqueID = "\FWIGYQAF"
Change component parameters. Clean all parameters for all variants
Change component parameters (AddParameter): Name = "LatestRevisionDate"; Value = "17-Jul-2002"; VariantName = "[No Variations]"
Change component parameters (AddParameter): Name = "LatestRevisionNote"; Value = "Re-released for DXP Platform."; VariantName = "[No Variations]"
Change component parameters (AddParameter): Name = "Publisher"; Value = "Altium Limited"; VariantName = "[No Variations]"
Added Pin To Net: NetName=PWM2 Pin=P1-1
Added Pin To Net: NetName=SD2 Pin=P1-2
Added Pin To Net: NetName=PWM4 Pin=P2-1
Added Pin To Net: NetName=SD4 Pin=P2-2
Added Pin To Net: NetName=PWM6 Pin=P3-1
Added Pin To Net: NetName=SD6 Pin=P3-2
Added Pin To Net: NetName=PWM8 Pin=P4-1
Added Pin To Net: NetName=SD8 Pin=P4-2
Added Room: Name=Лузм
