Removed Pin From Net: NetName=VCC Pin=78M05-1
Removed Pin From Net: NetName=SD2 Pin=P1-1
Removed Pin From Net: NetName=PWM2 Pin=P1-2
Removed Pin From Net: NetName=SD1 Pin=P1-3
Removed Pin From Net: NetName=PWM1 Pin=P1-4
Removed Pin From Net: NetName=+5 Pin=P5-1
Removed Pin From Net: NetName=+5 Pin=P5-2
Removed Pin From Net: NetName=NetP5_3 Pin=P5-3
Removed Pin From Net: NetName=NetP5_3 Pin=P5-4
Removed Pin From Net: NetName=VCC Pin=pad2-1
Removed Pin From Net: NetName=VCC Pin=Q2_HB1-2
Removed Pin From Net: NetName=VCC Pin=Q2_HB2-2
Removed Pin From Net: NetName=VCC Pin=Q2_HB3-2
Removed Pin From Net: NetName=VCC Pin=Q2_HB4-2
Removed Pin From Net: NetName=VCC Pin=Q2_HB5-2
Removed Pin From Net: NetName=VCC Pin=Q2_HB6-2
Removed Pin From Net: NetName=VCC Pin=Q2_HB7-2
Removed Pin From Net: NetName=VCC Pin=Q2_HB8-2
Removed Pin From Net: NetName=GND Pin=R0-1
Removed Pin From Net: NetName=NetP5_3 Pin=R0-2
Removed Member From Class: ClassName=汇总 Member=P1
Removed Member From Class: ClassName=汇总 Member=R0
Change Component Comment : Designator=R Old Comment=100K New Comment=1K
Change component parameters: Designator = "P2"; Footprint = "MX 1.25-WS-4P"; UniqueID = "\EBTWSIXM"
Change component parameters. Clean all parameters for all variants
Change component parameters (AddParameter): Name = "LatestRevisionDate"; Value = "17-Jul-2002"; VariantName = "[No Variations]"
Change component parameters (AddParameter): Name = "LatestRevisionNote"; Value = "Re-released for DXP Platform."; VariantName = "[No Variations]"
Change component parameters (AddParameter): Name = "Publisher"; Value = "Altium Limited"; VariantName = "[No Variations]"
Change component parameters: Designator = "P3"; Footprint = "MX 1.25-WS-4P"; UniqueID = "\HTTYBURC"
Change component parameters. Clean all parameters for all variants
Change component parameters (AddParameter): Name = "LatestRevisionDate"; Value = "17-Jul-2002"; VariantName = "[No Variations]"
Change component parameters (AddParameter): Name = "LatestRevisionNote"; Value = "Re-released for DXP Platform."; VariantName = "[No Variations]"
Change component parameters (AddParameter): Name = "Publisher"; Value = "Altium Limited"; VariantName = "[No Variations]"
Change component parameters: Designator = "P4"; Footprint = "MX 1.25-WS-4P"; UniqueID = "\XYKNGFWN"
Change component parameters. Clean all parameters for all variants
Change component parameters (AddParameter): Name = "LatestRevisionDate"; Value = "17-Jul-2002"; VariantName = "[No Variations]"
Change component parameters (AddParameter): Name = "LatestRevisionNote"; Value = "Re-released for DXP Platform."; VariantName = "[No Variations]"
Change component parameters (AddParameter): Name = "Publisher"; Value = "Altium Limited"; VariantName = "[No Variations]"
Added Component: Designator=78m12(78M05)
Add component. Clean all parameters for all variants
Added Component: Designator=P1(MX 1.25-WS-4P)
Add component. Clean all parameters for all variants
Add component (AddParameter): Name = "LatestRevisionDate"; Value = "17-Jul-2002"; VariantName = "[No Variations]"
Add component (AddParameter): Name = "LatestRevisionNote"; Value = "Re-released for DXP Platform."; VariantName = "[No Variations]"
Add component (AddParameter): Name = "Publisher"; Value = "Altium Limited"; VariantName = "[No Variations]"
Added Component: Designator=P10(HDR1X2)
Add component. Clean all parameters for all variants
Add component (AddParameter): Name = "LatestRevisionDate"; Value = "17-Jul-2002"; VariantName = "[No Variations]"
Add component (AddParameter): Name = "LatestRevisionNote"; Value = "Re-released for DXP Platform."; VariantName = "[No Variations]"
Add component (AddParameter): Name = "Publisher"; Value = "Altium Limited"; VariantName = "[No Variations]"
Added Pin To Net: NetName=NetP5_3 Pin=78M05-1
Added Pin To Net: NetName=NetP5_3 Pin=78m12-1
Added Pin To Net: NetName=VCC Pin=78m12-3
Added Pin To Net: NetName=GND Pin=78m12-4
Added Pin To Net: NetName=SD2 Pin=P1-1
Added Pin To Net: NetName=PWM2 Pin=P1-2
Added Pin To Net: NetName=SD1 Pin=P1-3
Added Pin To Net: NetName=PWM1 Pin=P1-4
Added Pin To Net: NetName=+5 Pin=P10-1
Added Pin To Net: NetName=GND Pin=P10-2
Added Pin To Net: NetName=NetP5_3 Pin=pad2-1
Added Pin To Net: NetName=NetP5_3 Pin=Q2_HB1-2
Added Pin To Net: NetName=NetP5_3 Pin=Q2_HB2-2
Added Pin To Net: NetName=NetP5_3 Pin=Q2_HB3-2
Added Pin To Net: NetName=NetP5_3 Pin=Q2_HB4-2
Added Pin To Net: NetName=NetP5_3 Pin=Q2_HB5-2
Added Pin To Net: NetName=NetP5_3 Pin=Q2_HB6-2
Added Pin To Net: NetName=NetP5_3 Pin=Q2_HB7-2
Added Pin To Net: NetName=NetP5_3 Pin=Q2_HB8-2
Change Net Name : Old Net Name=+12 New Net Name=+600
Change Net Name : Old Net Name=NetP5_3 New Net Name=VCC
Change Net Name : Old Net Name=VCC New Net Name=+12
Added Member To Class: ClassName=汇总 Member=Component 78m12 7812
Added Member To Class: ClassName=汇总 Member=Component P10 Header 2
Added Room: Name=汇总
