Added Component: Designator=78M05(78M05)
Add component. Clean all parameters for all variants
Added Component: Designator=2104_HB1(SOP8)
Add component. Clean all parameters for all variants
Added Component: Designator=2104_HB2(SOP8)
Add component. Clean all parameters for all variants
Added Component: Designator=2104_HB3(SOP8)
Add component. Clean all parameters for all variants
Added Component: Designator=2104_HB4(SOP8)
Add component. Clean all parameters for all variants
Added Component: Designator=2104_HB5(SOP8)
Add component. Clean all parameters for all variants
Added Component: Designator=2104_HB6(SOP8)
Add component. Clean all parameters for all variants
Added Component: Designator=2104_HB7(SOP8)
Add component. Clean all parameters for all variants
Added Component: Designator=2104_HB8(SOP8)
Add component. Clean all parameters for all variants
Added Component: Designator=C1_HB1(0805_C)
Add component. Clean all parameters for all variants
Added Component: Designator=C1_HB2(0805_C)
Add component. Clean all parameters for all variants
Added Component: Designator=C1_HB3(0805_C)
Add component. Clean all parameters for all variants
Added Component: Designator=C1_HB4(0805_C)
Add component. Clean all parameters for all variants
Added Component: Designator=C1_HB5(0805_C)
Add component. Clean all parameters for all variants
Added Component: Designator=C1_HB6(0805_C)
Add component. Clean all parameters for all variants
Added Component: Designator=C1_HB7(0805_C)
Add component. Clean all parameters for all variants
Added Component: Designator=C1_HB8(0805_C)
Add component. Clean all parameters for all variants
Added Component: Designator=C2_HB1(0805_C)
Add component. Clean all parameters for all variants
Added Component: Designator=C2_HB2(0805_C)
Add component. Clean all parameters for all variants
Added Component: Designator=C2_HB3(0805_C)
Add component. Clean all parameters for all variants
Added Component: Designator=C2_HB4(0805_C)
Add component. Clean all parameters for all variants
Added Component: Designator=C2_HB5(0805_C)
Add component. Clean all parameters for all variants
Added Component: Designator=C2_HB6(0805_C)
Add component. Clean all parameters for all variants
Added Component: Designator=C2_HB7(0805_C)
Add component. Clean all parameters for all variants
Added Component: Designator=C2_HB8(0805_C)
Add component. Clean all parameters for all variants
Added Component: Designator=C(0805_C)
Add component. Clean all parameters for all variants
Added Component: Designator=D1_HB1(DO-41)
Add component. Clean all parameters for all variants
Add component (AddParameter): Name = "Code_JEDEC"; Value = "DO-204-AL"; VariantName = "[No Variations]"
Add component (AddParameter): Name = "ComponentLink1Description"; Value = "Manufacturer Link"; VariantName = "[No Variations]"
Add component (AddParameter): Name = "ComponentLink1URL"; Value = "http://www.fairchildsemi.com/"; VariantName = "[No Variations]"
Add component (AddParameter): Name = "ComponentLink2Description"; Value = "Datasheet"; VariantName = "[No Variations]"
Add component (AddParameter): Name = "ComponentLink2URL"; Value = "http://www.fairchildsemi.com/ds/1N%2F1N4001.pdf"; VariantName = "[No Variations]"
Add component (AddParameter): Name = "DatasheetVersion"; Value = "1998"; VariantName = "[No Variations]"
Add component (AddParameter): Name = "LatestRevisionDate"; Value = "17-Jul-2002"; VariantName = "[No Variations]"
Add component (AddParameter): Name = "LatestRevisionNote"; Value = "Re-released for DXP Platform."; VariantName = "[No Variations]"
Add component (AddParameter): Name = "PackageDescription"; Value = "Diode, Axial; Body 5.2 x 2.7 mm (LxDia. max), Lead Dia. 0.86 mm (max)"; VariantName = "[No Variations]"
Add component (AddParameter): Name = "PackageReference"; Value = "DO-41"; VariantName = "[No Variations]"
Add component (AddParameter): Name = "PackageVersion"; Value = "Aug-1999"; VariantName = "[No Variations]"
Add component (AddParameter): Name = "Published"; Value = "8-Jun-2000"; VariantName = "[No Variations]"
Add component (AddParameter): Name = "Publisher"; Value = "Altium Limited"; VariantName = "[No Variations]"
Added Component: Designator=D1_HB2(DO-41)
Add component. Clean all parameters for all variants
Add component (AddParameter): Name = "Code_JEDEC"; Value = "DO-204-AL"; VariantName = "[No Variations]"
Add component (AddParameter): Name = "ComponentLink1Description"; Value = "Manufacturer Link"; VariantName = "[No Variations]"
Add component (AddParameter): Name = "ComponentLink1URL"; Value = "http://www.fairchildsemi.com/"; VariantName = "[No Variations]"
Add component (AddParameter): Name = "ComponentLink2Description"; Value = "Datasheet"; VariantName = "[No Variations]"
Add component (AddParameter): Name = "ComponentLink2URL"; Value = "http://www.fairchildsemi.com/ds/1N%2F1N4001.pdf"; VariantName = "[No Variations]"
Add component (AddParameter): Name = "DatasheetVersion"; Value = "1998"; VariantName = "[No Variations]"
Add component (AddParameter): Name = "LatestRevisionDate"; Value = "17-Jul-2002"; VariantName = "[No Variations]"
Add component (AddParameter): Name = "LatestRevisionNote"; Value = "Re-released for DXP Platform."; VariantName = "[No Variations]"
Add component (AddParameter): Name = "PackageDescription"; Value = "Diode, Axial; Body 5.2 x 2.7 mm (LxDia. max), Lead Dia. 0.86 mm (max)"; VariantName = "[No Variations]"
Add component (AddParameter): Name = "PackageReference"; Value = "DO-41"; VariantName = "[No Variations]"
Add component (AddParameter): Name = "PackageVersion"; Value = "Aug-1999"; VariantName = "[No Variations]"
Add component (AddParameter): Name = "Published"; Value = "8-Jun-2000"; VariantName = "[No Variations]"
Add component (AddParameter): Name = "Publisher"; Value = "Altium Limited"; VariantName = "[No Variations]"
Added Component: Designator=D1_HB3(DO-41)
Add component. Clean all parameters for all variants
Add component (AddParameter): Name = "Code_JEDEC"; Value = "DO-204-AL"; VariantName = "[No Variations]"
Add component (AddParameter): Name = "ComponentLink1Description"; Value = "Manufacturer Link"; VariantName = "[No Variations]"
Add component (AddParameter): Name = "ComponentLink1URL"; Value = "http://www.fairchildsemi.com/"; VariantName = "[No Variations]"
Add component (AddParameter): Name = "ComponentLink2Description"; Value = "Datasheet"; VariantName = "[No Variations]"
Add component (AddParameter): Name = "ComponentLink2URL"; Value = "http://www.fairchildsemi.com/ds/1N%2F1N4001.pdf"; VariantName = "[No Variations]"
Add component (AddParameter): Name = "DatasheetVersion"; Value = "1998"; VariantName = "[No Variations]"
Add component (AddParameter): Name = "LatestRevisionDate"; Value = "17-Jul-2002"; VariantName = "[No Variations]"
Add component (AddParameter): Name = "LatestRevisionNote"; Value = "Re-released for DXP Platform."; VariantName = "[No Variations]"
Add component (AddParameter): Name = "PackageDescription"; Value = "Diode, Axial; Body 5.2 x 2.7 mm (LxDia. max), Lead Dia. 0.86 mm (max)"; VariantName = "[No Variations]"
Add component (AddParameter): Name = "PackageReference"; Value = "DO-41"; VariantName = "[No Variations]"
Add component (AddParameter): Name = "PackageVersion"; Value = "Aug-1999"; VariantName = "[No Variations]"
Add component (AddParameter): Name = "Published"; Value = "8-Jun-2000"; VariantName = "[No Variations]"
Add component (AddParameter): Name = "Publisher"; Value = "Altium Limited"; VariantName = "[No Variations]"
Added Component: Designator=D1_HB4(DO-41)
Add component. Clean all parameters for all variants
Add component (AddParameter): Name = "Code_JEDEC"; Value = "DO-204-AL"; VariantName = "[No Variations]"
Add component (AddParameter): Name = "ComponentLink1Description"; Value = "Manufacturer Link"; VariantName = "[No Variations]"
Add component (AddParameter): Name = "ComponentLink1URL"; Value = "http://www.fairchildsemi.com/"; VariantName = "[No Variations]"
Add component (AddParameter): Name = "ComponentLink2Description"; Value = "Datasheet"; VariantName = "[No Variations]"
Add component (AddParameter): Name = "ComponentLink2URL"; Value = "http://www.fairchildsemi.com/ds/1N%2F1N4001.pdf"; VariantName = "[No Variations]"
Add component (AddParameter): Name = "DatasheetVersion"; Value = "1998"; VariantName = "[No Variations]"
Add component (AddParameter): Name = "LatestRevisionDate"; Value = "17-Jul-2002"; VariantName = "[No Variations]"
Add component (AddParameter): Name = "LatestRevisionNote"; Value = "Re-released for DXP Platform."; VariantName = "[No Variations]"
Add component (AddParameter): Name = "PackageDescription"; Value = "Diode, Axial; Body 5.2 x 2.7 mm (LxDia. max), Lead Dia. 0.86 mm (max)"; VariantName = "[No Variations]"
Add component (AddParameter): Name = "PackageReference"; Value = "DO-41"; VariantName = "[No Variations]"
Add component (AddParameter): Name = "PackageVersion"; Value = "Aug-1999"; VariantName = "[No Variations]"
Add component (AddParameter): Name = "Published"; Value = "8-Jun-2000"; VariantName = "[No Variations]"
Add component (AddParameter): Name = "Publisher"; Value = "Altium Limited"; VariantName = "[No Variations]"
Added Component: Designator=D1_HB5(DO-41)
Add component. Clean all parameters for all variants
Add component (AddParameter): Name = "Code_JEDEC"; Value = "DO-204-AL"; VariantName = "[No Variations]"
Add component (AddParameter): Name = "ComponentLink1Description"; Value = "Manufacturer Link"; VariantName = "[No Variations]"
Add component (AddParameter): Name = "ComponentLink1URL"; Value = "http://www.fairchildsemi.com/"; VariantName = "[No Variations]"
Add component (AddParameter): Name = "ComponentLink2Description"; Value = "Datasheet"; VariantName = "[No Variations]"
Add component (AddParameter): Name = "ComponentLink2URL"; Value = "http://www.fairchildsemi.com/ds/1N%2F1N4001.pdf"; VariantName = "[No Variations]"
Add component (AddParameter): Name = "DatasheetVersion"; Value = "1998"; VariantName = "[No Variations]"
Add component (AddParameter): Name = "LatestRevisionDate"; Value = "17-Jul-2002"; VariantName = "[No Variations]"
Add component (AddParameter): Name = "LatestRevisionNote"; Value = "Re-released for DXP Platform."; VariantName = "[No Variations]"
Add component (AddParameter): Name = "PackageDescription"; Value = "Diode, Axial; Body 5.2 x 2.7 mm (LxDia. max), Lead Dia. 0.86 mm (max)"; VariantName = "[No Variations]"
Add component (AddParameter): Name = "PackageReference"; Value = "DO-41"; VariantName = "[No Variations]"
Add component (AddParameter): Name = "PackageVersion"; Value = "Aug-1999"; VariantName = "[No Variations]"
Add component (AddParameter): Name = "Published"; Value = "8-Jun-2000"; VariantName = "[No Variations]"
Add component (AddParameter): Name = "Publisher"; Value = "Altium Limited"; VariantName = "[No Variations]"
Added Component: Designator=D1_HB6(DO-41)
Add component. Clean all parameters for all variants
Add component (AddParameter): Name = "Code_JEDEC"; Value = "DO-204-AL"; VariantName = "[No Variations]"
Add component (AddParameter): Name = "ComponentLink1Description"; Value = "Manufacturer Link"; VariantName = "[No Variations]"
Add component (AddParameter): Name = "ComponentLink1URL"; Value = "http://www.fairchildsemi.com/"; VariantName = "[No Variations]"
Add component (AddParameter): Name = "ComponentLink2Description"; Value = "Datasheet"; VariantName = "[No Variations]"
Add component (AddParameter): Name = "ComponentLink2URL"; Value = "http://www.fairchildsemi.com/ds/1N%2F1N4001.pdf"; VariantName = "[No Variations]"
Add component (AddParameter): Name = "DatasheetVersion"; Value = "1998"; VariantName = "[No Variations]"
Add component (AddParameter): Name = "LatestRevisionDate"; Value = "17-Jul-2002"; VariantName = "[No Variations]"
Add component (AddParameter): Name = "LatestRevisionNote"; Value = "Re-released for DXP Platform."; VariantName = "[No Variations]"
Add component (AddParameter): Name = "PackageDescription"; Value = "Diode, Axial; Body 5.2 x 2.7 mm (LxDia. max), Lead Dia. 0.86 mm (max)"; VariantName = "[No Variations]"
Add component (AddParameter): Name = "PackageReference"; Value = "DO-41"; VariantName = "[No Variations]"
Add component (AddParameter): Name = "PackageVersion"; Value = "Aug-1999"; VariantName = "[No Variations]"
Add component (AddParameter): Name = "Published"; Value = "8-Jun-2000"; VariantName = "[No Variations]"
Add component (AddParameter): Name = "Publisher"; Value = "Altium Limited"; VariantName = "[No Variations]"
Added Component: Designator=D1_HB7(DO-41)
Add component. Clean all parameters for all variants
Add component (AddParameter): Name = "Code_JEDEC"; Value = "DO-204-AL"; VariantName = "[No Variations]"
Add component (AddParameter): Name = "ComponentLink1Description"; Value = "Manufacturer Link"; VariantName = "[No Variations]"
Add component (AddParameter): Name = "ComponentLink1URL"; Value = "http://www.fairchildsemi.com/"; VariantName = "[No Variations]"
Add component (AddParameter): Name = "ComponentLink2Description"; Value = "Datasheet"; VariantName = "[No Variations]"
Add component (AddParameter): Name = "ComponentLink2URL"; Value = "http://www.fairchildsemi.com/ds/1N%2F1N4001.pdf"; VariantName = "[No Variations]"
Add component (AddParameter): Name = "DatasheetVersion"; Value = "1998"; VariantName = "[No Variations]"
Add component (AddParameter): Name = "LatestRevisionDate"; Value = "17-Jul-2002"; VariantName = "[No Variations]"
Add component (AddParameter): Name = "LatestRevisionNote"; Value = "Re-released for DXP Platform."; VariantName = "[No Variations]"
Add component (AddParameter): Name = "PackageDescription"; Value = "Diode, Axial; Body 5.2 x 2.7 mm (LxDia. max), Lead Dia. 0.86 mm (max)"; VariantName = "[No Variations]"
Add component (AddParameter): Name = "PackageReference"; Value = "DO-41"; VariantName = "[No Variations]"
Add component (AddParameter): Name = "PackageVersion"; Value = "Aug-1999"; VariantName = "[No Variations]"
Add component (AddParameter): Name = "Published"; Value = "8-Jun-2000"; VariantName = "[No Variations]"
Add component (AddParameter): Name = "Publisher"; Value = "Altium Limited"; VariantName = "[No Variations]"
Added Component: Designator=D1_HB8(DO-41)
Add component. Clean all parameters for all variants
Add component (AddParameter): Name = "Code_JEDEC"; Value = "DO-204-AL"; VariantName = "[No Variations]"
Add component (AddParameter): Name = "ComponentLink1Description"; Value = "Manufacturer Link"; VariantName = "[No Variations]"
Add component (AddParameter): Name = "ComponentLink1URL"; Value = "http://www.fairchildsemi.com/"; VariantName = "[No Variations]"
Add component (AddParameter): Name = "ComponentLink2Description"; Value = "Datasheet"; VariantName = "[No Variations]"
Add component (AddParameter): Name = "ComponentLink2URL"; Value = "http://www.fairchildsemi.com/ds/1N%2F1N4001.pdf"; VariantName = "[No Variations]"
Add component (AddParameter): Name = "DatasheetVersion"; Value = "1998"; VariantName = "[No Variations]"
Add component (AddParameter): Name = "LatestRevisionDate"; Value = "17-Jul-2002"; VariantName = "[No Variations]"
Add component (AddParameter): Name = "LatestRevisionNote"; Value = "Re-released for DXP Platform."; VariantName = "[No Variations]"
Add component (AddParameter): Name = "PackageDescription"; Value = "Diode, Axial; Body 5.2 x 2.7 mm (LxDia. max), Lead Dia. 0.86 mm (max)"; VariantName = "[No Variations]"
Add component (AddParameter): Name = "PackageReference"; Value = "DO-41"; VariantName = "[No Variations]"
Add component (AddParameter): Name = "PackageVersion"; Value = "Aug-1999"; VariantName = "[No Variations]"
Add component (AddParameter): Name = "Published"; Value = "8-Jun-2000"; VariantName = "[No Variations]"
Add component (AddParameter): Name = "Publisher"; Value = "Altium Limited"; VariantName = "[No Variations]"
Added Component: Designator=D2_HB1(DO-35)
Add component. Clean all parameters for all variants
Add component (AddParameter): Name = "Code_JEDEC"; Value = "DO-204-AH"; VariantName = "[No Variations]"
Add component (AddParameter): Name = "ComponentLink1Description"; Value = "Manufacturer Link"; VariantName = "[No Variations]"
Add component (AddParameter): Name = "ComponentLink1URL"; Value = "http://www.fairchildsemi.com/"; VariantName = "[No Variations]"
Add component (AddParameter): Name = "ComponentLink2Description"; Value = "Datasheet"; VariantName = "[No Variations]"
Add component (AddParameter): Name = "ComponentLink2URL"; Value = "http://www.fairchildsemi.com/ds/1N%2F1N4148.pdf"; VariantName = "[No Variations]"
Add component (AddParameter): Name = "DatasheetVersion"; Value = "1997"; VariantName = "[No Variations]"
Add component (AddParameter): Name = "LatestRevisionDate"; Value = "17-Jul-2002"; VariantName = "[No Variations]"
Add component (AddParameter): Name = "LatestRevisionNote"; Value = "Re-released for DXP Platform."; VariantName = "[No Variations]"
Add component (AddParameter): Name = "PackageDescription"; Value = "Diode, Axial; Body 3.8 x 1.9 mm (LxDia. max), Lead Dia. 0.53 mm (max)"; VariantName = "[No Variations]"
Add component (AddParameter): Name = "PackageReference"; Value = "DO-35"; VariantName = "[No Variations]"
Add component (AddParameter): Name = "Published"; Value = "8-Jun-2000"; VariantName = "[No Variations]"
Add component (AddParameter): Name = "Publisher"; Value = "Altium Limited"; VariantName = "[No Variations]"
Added Component: Designator=D2_HB2(DO-35)
Add component. Clean all parameters for all variants
Add component (AddParameter): Name = "Code_JEDEC"; Value = "DO-204-AH"; VariantName = "[No Variations]"
Add component (AddParameter): Name = "ComponentLink1Description"; Value = "Manufacturer Link"; VariantName = "[No Variations]"
Add component (AddParameter): Name = "ComponentLink1URL"; Value = "http://www.fairchildsemi.com/"; VariantName = "[No Variations]"
Add component (AddParameter): Name = "ComponentLink2Description"; Value = "Datasheet"; VariantName = "[No Variations]"
Add component (AddParameter): Name = "ComponentLink2URL"; Value = "http://www.fairchildsemi.com/ds/1N%2F1N4148.pdf"; VariantName = "[No Variations]"
Add component (AddParameter): Name = "DatasheetVersion"; Value = "1997"; VariantName = "[No Variations]"
Add component (AddParameter): Name = "LatestRevisionDate"; Value = "17-Jul-2002"; VariantName = "[No Variations]"
Add component (AddParameter): Name = "LatestRevisionNote"; Value = "Re-released for DXP Platform."; VariantName = "[No Variations]"
Add component (AddParameter): Name = "PackageDescription"; Value = "Diode, Axial; Body 3.8 x 1.9 mm (LxDia. max), Lead Dia. 0.53 mm (max)"; VariantName = "[No Variations]"
Add component (AddParameter): Name = "PackageReference"; Value = "DO-35"; VariantName = "[No Variations]"
Add component (AddParameter): Name = "Published"; Value = "8-Jun-2000"; VariantName = "[No Variations]"
Add component (AddParameter): Name = "Publisher"; Value = "Altium Limited"; VariantName = "[No Variations]"
Added Component: Designator=D2_HB3(DO-35)
Add component. Clean all parameters for all variants
Add component (AddParameter): Name = "Code_JEDEC"; Value = "DO-204-AH"; VariantName = "[No Variations]"
Add component (AddParameter): Name = "ComponentLink1Description"; Value = "Manufacturer Link"; VariantName = "[No Variations]"
Add component (AddParameter): Name = "ComponentLink1URL"; Value = "http://www.fairchildsemi.com/"; VariantName = "[No Variations]"
Add component (AddParameter): Name = "ComponentLink2Description"; Value = "Datasheet"; VariantName = "[No Variations]"
Add component (AddParameter): Name = "ComponentLink2URL"; Value = "http://www.fairchildsemi.com/ds/1N%2F1N4148.pdf"; VariantName = "[No Variations]"
Add component (AddParameter): Name = "DatasheetVersion"; Value = "1997"; VariantName = "[No Variations]"
Add component (AddParameter): Name = "LatestRevisionDate"; Value = "17-Jul-2002"; VariantName = "[No Variations]"
Add component (AddParameter): Name = "LatestRevisionNote"; Value = "Re-released for DXP Platform."; VariantName = "[No Variations]"
Add component (AddParameter): Name = "PackageDescription"; Value = "Diode, Axial; Body 3.8 x 1.9 mm (LxDia. max), Lead Dia. 0.53 mm (max)"; VariantName = "[No Variations]"
Add component (AddParameter): Name = "PackageReference"; Value = "DO-35"; VariantName = "[No Variations]"
Add component (AddParameter): Name = "Published"; Value = "8-Jun-2000"; VariantName = "[No Variations]"
Add component (AddParameter): Name = "Publisher"; Value = "Altium Limited"; VariantName = "[No Variations]"
Added Component: Designator=D2_HB4(DO-35)
Add component. Clean all parameters for all variants
Add component (AddParameter): Name = "Code_JEDEC"; Value = "DO-204-AH"; VariantName = "[No Variations]"
Add component (AddParameter): Name = "ComponentLink1Description"; Value = "Manufacturer Link"; VariantName = "[No Variations]"
Add component (AddParameter): Name = "ComponentLink1URL"; Value = "http://www.fairchildsemi.com/"; VariantName = "[No Variations]"
Add component (AddParameter): Name = "ComponentLink2Description"; Value = "Datasheet"; VariantName = "[No Variations]"
Add component (AddParameter): Name = "ComponentLink2URL"; Value = "http://www.fairchildsemi.com/ds/1N%2F1N4148.pdf"; VariantName = "[No Variations]"
Add component (AddParameter): Name = "DatasheetVersion"; Value = "1997"; VariantName = "[No Variations]"
Add component (AddParameter): Name = "LatestRevisionDate"; Value = "17-Jul-2002"; VariantName = "[No Variations]"
Add component (AddParameter): Name = "LatestRevisionNote"; Value = "Re-released for DXP Platform."; VariantName = "[No Variations]"
Add component (AddParameter): Name = "PackageDescription"; Value = "Diode, Axial; Body 3.8 x 1.9 mm (LxDia. max), Lead Dia. 0.53 mm (max)"; VariantName = "[No Variations]"
Add component (AddParameter): Name = "PackageReference"; Value = "DO-35"; VariantName = "[No Variations]"
Add component (AddParameter): Name = "Published"; Value = "8-Jun-2000"; VariantName = "[No Variations]"
Add component (AddParameter): Name = "Publisher"; Value = "Altium Limited"; VariantName = "[No Variations]"
Added Component: Designator=D2_HB5(DO-35)
Add component. Clean all parameters for all variants
Add component (AddParameter): Name = "Code_JEDEC"; Value = "DO-204-AH"; VariantName = "[No Variations]"
Add component (AddParameter): Name = "ComponentLink1Description"; Value = "Manufacturer Link"; VariantName = "[No Variations]"
Add component (AddParameter): Name = "ComponentLink1URL"; Value = "http://www.fairchildsemi.com/"; VariantName = "[No Variations]"
Add component (AddParameter): Name = "ComponentLink2Description"; Value = "Datasheet"; VariantName = "[No Variations]"
Add component (AddParameter): Name = "ComponentLink2URL"; Value = "http://www.fairchildsemi.com/ds/1N%2F1N4148.pdf"; VariantName = "[No Variations]"
Add component (AddParameter): Name = "DatasheetVersion"; Value = "1997"; VariantName = "[No Variations]"
Add component (AddParameter): Name = "LatestRevisionDate"; Value = "17-Jul-2002"; VariantName = "[No Variations]"
Add component (AddParameter): Name = "LatestRevisionNote"; Value = "Re-released for DXP Platform."; VariantName = "[No Variations]"
Add component (AddParameter): Name = "PackageDescription"; Value = "Diode, Axial; Body 3.8 x 1.9 mm (LxDia. max), Lead Dia. 0.53 mm (max)"; VariantName = "[No Variations]"
Add component (AddParameter): Name = "PackageReference"; Value = "DO-35"; VariantName = "[No Variations]"
Add component (AddParameter): Name = "Published"; Value = "8-Jun-2000"; VariantName = "[No Variations]"
Add component (AddParameter): Name = "Publisher"; Value = "Altium Limited"; VariantName = "[No Variations]"
Added Component: Designator=D2_HB6(DO-35)
Add component. Clean all parameters for all variants
Add component (AddParameter): Name = "Code_JEDEC"; Value = "DO-204-AH"; VariantName = "[No Variations]"
Add component (AddParameter): Name = "ComponentLink1Description"; Value = "Manufacturer Link"; VariantName = "[No Variations]"
Add component (AddParameter): Name = "ComponentLink1URL"; Value = "http://www.fairchildsemi.com/"; VariantName = "[No Variations]"
Add component (AddParameter): Name = "ComponentLink2Description"; Value = "Datasheet"; VariantName = "[No Variations]"
Add component (AddParameter): Name = "ComponentLink2URL"; Value = "http://www.fairchildsemi.com/ds/1N%2F1N4148.pdf"; VariantName = "[No Variations]"
Add component (AddParameter): Name = "DatasheetVersion"; Value = "1997"; VariantName = "[No Variations]"
Add component (AddParameter): Name = "LatestRevisionDate"; Value = "17-Jul-2002"; VariantName = "[No Variations]"
Add component (AddParameter): Name = "LatestRevisionNote"; Value = "Re-released for DXP Platform."; VariantName = "[No Variations]"
Add component (AddParameter): Name = "PackageDescription"; Value = "Diode, Axial; Body 3.8 x 1.9 mm (LxDia. max), Lead Dia. 0.53 mm (max)"; VariantName = "[No Variations]"
Add component (AddParameter): Name = "PackageReference"; Value = "DO-35"; VariantName = "[No Variations]"
Add component (AddParameter): Name = "Published"; Value = "8-Jun-2000"; VariantName = "[No Variations]"
Add component (AddParameter): Name = "Publisher"; Value = "Altium Limited"; VariantName = "[No Variations]"
Added Component: Designator=D2_HB7(DO-35)
Add component. Clean all parameters for all variants
Add component (AddParameter): Name = "Code_JEDEC"; Value = "DO-204-AH"; VariantName = "[No Variations]"
Add component (AddParameter): Name = "ComponentLink1Description"; Value = "Manufacturer Link"; VariantName = "[No Variations]"
Add component (AddParameter): Name = "ComponentLink1URL"; Value = "http://www.fairchildsemi.com/"; VariantName = "[No Variations]"
Add component (AddParameter): Name = "ComponentLink2Description"; Value = "Datasheet"; VariantName = "[No Variations]"
Add component (AddParameter): Name = "ComponentLink2URL"; Value = "http://www.fairchildsemi.com/ds/1N%2F1N4148.pdf"; VariantName = "[No Variations]"
Add component (AddParameter): Name = "DatasheetVersion"; Value = "1997"; VariantName = "[No Variations]"
Add component (AddParameter): Name = "LatestRevisionDate"; Value = "17-Jul-2002"; VariantName = "[No Variations]"
Add component (AddParameter): Name = "LatestRevisionNote"; Value = "Re-released for DXP Platform."; VariantName = "[No Variations]"
Add component (AddParameter): Name = "PackageDescription"; Value = "Diode, Axial; Body 3.8 x 1.9 mm (LxDia. max), Lead Dia. 0.53 mm (max)"; VariantName = "[No Variations]"
Add component (AddParameter): Name = "PackageReference"; Value = "DO-35"; VariantName = "[No Variations]"
Add component (AddParameter): Name = "Published"; Value = "8-Jun-2000"; VariantName = "[No Variations]"
Add component (AddParameter): Name = "Publisher"; Value = "Altium Limited"; VariantName = "[No Variations]"
Added Component: Designator=D2_HB8(DO-35)
Add component. Clean all parameters for all variants
Add component (AddParameter): Name = "Code_JEDEC"; Value = "DO-204-AH"; VariantName = "[No Variations]"
Add component (AddParameter): Name = "ComponentLink1Description"; Value = "Manufacturer Link"; VariantName = "[No Variations]"
Add component (AddParameter): Name = "ComponentLink1URL"; Value = "http://www.fairchildsemi.com/"; VariantName = "[No Variations]"
Add component (AddParameter): Name = "ComponentLink2Description"; Value = "Datasheet"; VariantName = "[No Variations]"
Add component (AddParameter): Name = "ComponentLink2URL"; Value = "http://www.fairchildsemi.com/ds/1N%2F1N4148.pdf"; VariantName = "[No Variations]"
Add component (AddParameter): Name = "DatasheetVersion"; Value = "1997"; VariantName = "[No Variations]"
Add component (AddParameter): Name = "LatestRevisionDate"; Value = "17-Jul-2002"; VariantName = "[No Variations]"
Add component (AddParameter): Name = "LatestRevisionNote"; Value = "Re-released for DXP Platform."; VariantName = "[No Variations]"
Add component (AddParameter): Name = "PackageDescription"; Value = "Diode, Axial; Body 3.8 x 1.9 mm (LxDia. max), Lead Dia. 0.53 mm (max)"; VariantName = "[No Variations]"
Add component (AddParameter): Name = "PackageReference"; Value = "DO-35"; VariantName = "[No Variations]"
Add component (AddParameter): Name = "Published"; Value = "8-Jun-2000"; VariantName = "[No Variations]"
Add component (AddParameter): Name = "Publisher"; Value = "Altium Limited"; VariantName = "[No Variations]"
Added Component: Designator=D3_HB1(DO-35)
Add component. Clean all parameters for all variants
Add component (AddParameter): Name = "Code_JEDEC"; Value = "DO-204-AH"; VariantName = "[No Variations]"
Add component (AddParameter): Name = "ComponentLink1Description"; Value = "Manufacturer Link"; VariantName = "[No Variations]"
Add component (AddParameter): Name = "ComponentLink1URL"; Value = "http://www.fairchildsemi.com/"; VariantName = "[No Variations]"
Add component (AddParameter): Name = "ComponentLink2Description"; Value = "Datasheet"; VariantName = "[No Variations]"
Add component (AddParameter): Name = "ComponentLink2URL"; Value = "http://www.fairchildsemi.com/ds/1N%2F1N4148.pdf"; VariantName = "[No Variations]"
Add component (AddParameter): Name = "DatasheetVersion"; Value = "1997"; VariantName = "[No Variations]"
Add component (AddParameter): Name = "LatestRevisionDate"; Value = "17-Jul-2002"; VariantName = "[No Variations]"
Add component (AddParameter): Name = "LatestRevisionNote"; Value = "Re-released for DXP Platform."; VariantName = "[No Variations]"
Add component (AddParameter): Name = "PackageDescription"; Value = "Diode, Axial; Body 3.8 x 1.9 mm (LxDia. max), Lead Dia. 0.53 mm (max)"; VariantName = "[No Variations]"
Add component (AddParameter): Name = "PackageReference"; Value = "DO-35"; VariantName = "[No Variations]"
Add component (AddParameter): Name = "Published"; Value = "8-Jun-2000"; VariantName = "[No Variations]"
Add component (AddParameter): Name = "Publisher"; Value = "Altium Limited"; VariantName = "[No Variations]"
Added Component: Designator=D3_HB2(DO-35)
Add component. Clean all parameters for all variants
Add component (AddParameter): Name = "Code_JEDEC"; Value = "DO-204-AH"; VariantName = "[No Variations]"
Add component (AddParameter): Name = "ComponentLink1Description"; Value = "Manufacturer Link"; VariantName = "[No Variations]"
Add component (AddParameter): Name = "ComponentLink1URL"; Value = "http://www.fairchildsemi.com/"; VariantName = "[No Variations]"
Add component (AddParameter): Name = "ComponentLink2Description"; Value = "Datasheet"; VariantName = "[No Variations]"
Add component (AddParameter): Name = "ComponentLink2URL"; Value = "http://www.fairchildsemi.com/ds/1N%2F1N4148.pdf"; VariantName = "[No Variations]"
Add component (AddParameter): Name = "DatasheetVersion"; Value = "1997"; VariantName = "[No Variations]"
Add component (AddParameter): Name = "LatestRevisionDate"; Value = "17-Jul-2002"; VariantName = "[No Variations]"
Add component (AddParameter): Name = "LatestRevisionNote"; Value = "Re-released for DXP Platform."; VariantName = "[No Variations]"
Add component (AddParameter): Name = "PackageDescription"; Value = "Diode, Axial; Body 3.8 x 1.9 mm (LxDia. max), Lead Dia. 0.53 mm (max)"; VariantName = "[No Variations]"
Add component (AddParameter): Name = "PackageReference"; Value = "DO-35"; VariantName = "[No Variations]"
Add component (AddParameter): Name = "Published"; Value = "8-Jun-2000"; VariantName = "[No Variations]"
Add component (AddParameter): Name = "Publisher"; Value = "Altium Limited"; VariantName = "[No Variations]"
Added Component: Designator=D3_HB3(DO-35)
Add component. Clean all parameters for all variants
Add component (AddParameter): Name = "Code_JEDEC"; Value = "DO-204-AH"; VariantName = "[No Variations]"
Add component (AddParameter): Name = "ComponentLink1Description"; Value = "Manufacturer Link"; VariantName = "[No Variations]"
Add component (AddParameter): Name = "ComponentLink1URL"; Value = "http://www.fairchildsemi.com/"; VariantName = "[No Variations]"
Add component (AddParameter): Name = "ComponentLink2Description"; Value = "Datasheet"; VariantName = "[No Variations]"
Add component (AddParameter): Name = "ComponentLink2URL"; Value = "http://www.fairchildsemi.com/ds/1N%2F1N4148.pdf"; VariantName = "[No Variations]"
Add component (AddParameter): Name = "DatasheetVersion"; Value = "1997"; VariantName = "[No Variations]"
Add component (AddParameter): Name = "LatestRevisionDate"; Value = "17-Jul-2002"; VariantName = "[No Variations]"
Add component (AddParameter): Name = "LatestRevisionNote"; Value = "Re-released for DXP Platform."; VariantName = "[No Variations]"
Add component (AddParameter): Name = "PackageDescription"; Value = "Diode, Axial; Body 3.8 x 1.9 mm (LxDia. max), Lead Dia. 0.53 mm (max)"; VariantName = "[No Variations]"
Add component (AddParameter): Name = "PackageReference"; Value = "DO-35"; VariantName = "[No Variations]"
Add component (AddParameter): Name = "Published"; Value = "8-Jun-2000"; VariantName = "[No Variations]"
Add component (AddParameter): Name = "Publisher"; Value = "Altium Limited"; VariantName = "[No Variations]"
Added Component: Designator=D3_HB4(DO-35)
Add component. Clean all parameters for all variants
Add component (AddParameter): Name = "Code_JEDEC"; Value = "DO-204-AH"; VariantName = "[No Variations]"
Add component (AddParameter): Name = "ComponentLink1Description"; Value = "Manufacturer Link"; VariantName = "[No Variations]"
Add component (AddParameter): Name = "ComponentLink1URL"; Value = "http://www.fairchildsemi.com/"; VariantName = "[No Variations]"
Add component (AddParameter): Name = "ComponentLink2Description"; Value = "Datasheet"; VariantName = "[No Variations]"
Add component (AddParameter): Name = "ComponentLink2URL"; Value = "http://www.fairchildsemi.com/ds/1N%2F1N4148.pdf"; VariantName = "[No Variations]"
Add component (AddParameter): Name = "DatasheetVersion"; Value = "1997"; VariantName = "[No Variations]"
Add component (AddParameter): Name = "LatestRevisionDate"; Value = "17-Jul-2002"; VariantName = "[No Variations]"
Add component (AddParameter): Name = "LatestRevisionNote"; Value = "Re-released for DXP Platform."; VariantName = "[No Variations]"
Add component (AddParameter): Name = "PackageDescription"; Value = "Diode, Axial; Body 3.8 x 1.9 mm (LxDia. max), Lead Dia. 0.53 mm (max)"; VariantName = "[No Variations]"
Add component (AddParameter): Name = "PackageReference"; Value = "DO-35"; VariantName = "[No Variations]"
Add component (AddParameter): Name = "Published"; Value = "8-Jun-2000"; VariantName = "[No Variations]"
Add component (AddParameter): Name = "Publisher"; Value = "Altium Limited"; VariantName = "[No Variations]"
Added Component: Designator=D3_HB5(DO-35)
Add component. Clean all parameters for all variants
Add component (AddParameter): Name = "Code_JEDEC"; Value = "DO-204-AH"; VariantName = "[No Variations]"
Add component (AddParameter): Name = "ComponentLink1Description"; Value = "Manufacturer Link"; VariantName = "[No Variations]"
Add component (AddParameter): Name = "ComponentLink1URL"; Value = "http://www.fairchildsemi.com/"; VariantName = "[No Variations]"
Add component (AddParameter): Name = "ComponentLink2Description"; Value = "Datasheet"; VariantName = "[No Variations]"
Add component (AddParameter): Name = "ComponentLink2URL"; Value = "http://www.fairchildsemi.com/ds/1N%2F1N4148.pdf"; VariantName = "[No Variations]"
Add component (AddParameter): Name = "DatasheetVersion"; Value = "1997"; VariantName = "[No Variations]"
Add component (AddParameter): Name = "LatestRevisionDate"; Value = "17-Jul-2002"; VariantName = "[No Variations]"
Add component (AddParameter): Name = "LatestRevisionNote"; Value = "Re-released for DXP Platform."; VariantName = "[No Variations]"
Add component (AddParameter): Name = "PackageDescription"; Value = "Diode, Axial; Body 3.8 x 1.9 mm (LxDia. max), Lead Dia. 0.53 mm (max)"; VariantName = "[No Variations]"
Add component (AddParameter): Name = "PackageReference"; Value = "DO-35"; VariantName = "[No Variations]"
Add component (AddParameter): Name = "Published"; Value = "8-Jun-2000"; VariantName = "[No Variations]"
Add component (AddParameter): Name = "Publisher"; Value = "Altium Limited"; VariantName = "[No Variations]"
Added Component: Designator=D3_HB6(DO-35)
Add component. Clean all parameters for all variants
Add component (AddParameter): Name = "Code_JEDEC"; Value = "DO-204-AH"; VariantName = "[No Variations]"
Add component (AddParameter): Name = "ComponentLink1Description"; Value = "Manufacturer Link"; VariantName = "[No Variations]"
Add component (AddParameter): Name = "ComponentLink1URL"; Value = "http://www.fairchildsemi.com/"; VariantName = "[No Variations]"
Add component (AddParameter): Name = "ComponentLink2Description"; Value = "Datasheet"; VariantName = "[No Variations]"
Add component (AddParameter): Name = "ComponentLink2URL"; Value = "http://www.fairchildsemi.com/ds/1N%2F1N4148.pdf"; VariantName = "[No Variations]"
Add component (AddParameter): Name = "DatasheetVersion"; Value = "1997"; VariantName = "[No Variations]"
Add component (AddParameter): Name = "LatestRevisionDate"; Value = "17-Jul-2002"; VariantName = "[No Variations]"
Add component (AddParameter): Name = "LatestRevisionNote"; Value = "Re-released for DXP Platform."; VariantName = "[No Variations]"
Add component (AddParameter): Name = "PackageDescription"; Value = "Diode, Axial; Body 3.8 x 1.9 mm (LxDia. max), Lead Dia. 0.53 mm (max)"; VariantName = "[No Variations]"
Add component (AddParameter): Name = "PackageReference"; Value = "DO-35"; VariantName = "[No Variations]"
Add component (AddParameter): Name = "Published"; Value = "8-Jun-2000"; VariantName = "[No Variations]"
Add component (AddParameter): Name = "Publisher"; Value = "Altium Limited"; VariantName = "[No Variations]"
Added Component: Designator=D3_HB7(DO-35)
Add component. Clean all parameters for all variants
Add component (AddParameter): Name = "Code_JEDEC"; Value = "DO-204-AH"; VariantName = "[No Variations]"
Add component (AddParameter): Name = "ComponentLink1Description"; Value = "Manufacturer Link"; VariantName = "[No Variations]"
Add component (AddParameter): Name = "ComponentLink1URL"; Value = "http://www.fairchildsemi.com/"; VariantName = "[No Variations]"
Add component (AddParameter): Name = "ComponentLink2Description"; Value = "Datasheet"; VariantName = "[No Variations]"
Add component (AddParameter): Name = "ComponentLink2URL"; Value = "http://www.fairchildsemi.com/ds/1N%2F1N4148.pdf"; VariantName = "[No Variations]"
Add component (AddParameter): Name = "DatasheetVersion"; Value = "1997"; VariantName = "[No Variations]"
Add component (AddParameter): Name = "LatestRevisionDate"; Value = "17-Jul-2002"; VariantName = "[No Variations]"
Add component (AddParameter): Name = "LatestRevisionNote"; Value = "Re-released for DXP Platform."; VariantName = "[No Variations]"
Add component (AddParameter): Name = "PackageDescription"; Value = "Diode, Axial; Body 3.8 x 1.9 mm (LxDia. max), Lead Dia. 0.53 mm (max)"; VariantName = "[No Variations]"
Add component (AddParameter): Name = "PackageReference"; Value = "DO-35"; VariantName = "[No Variations]"
Add component (AddParameter): Name = "Published"; Value = "8-Jun-2000"; VariantName = "[No Variations]"
Add component (AddParameter): Name = "Publisher"; Value = "Altium Limited"; VariantName = "[No Variations]"
Added Component: Designator=D3_HB8(DO-35)
Add component. Clean all parameters for all variants
Add component (AddParameter): Name = "Code_JEDEC"; Value = "DO-204-AH"; VariantName = "[No Variations]"
Add component (AddParameter): Name = "ComponentLink1Description"; Value = "Manufacturer Link"; VariantName = "[No Variations]"
Add component (AddParameter): Name = "ComponentLink1URL"; Value = "http://www.fairchildsemi.com/"; VariantName = "[No Variations]"
Add component (AddParameter): Name = "ComponentLink2Description"; Value = "Datasheet"; VariantName = "[No Variations]"
Add component (AddParameter): Name = "ComponentLink2URL"; Value = "http://www.fairchildsemi.com/ds/1N%2F1N4148.pdf"; VariantName = "[No Variations]"
Add component (AddParameter): Name = "DatasheetVersion"; Value = "1997"; VariantName = "[No Variations]"
Add component (AddParameter): Name = "LatestRevisionDate"; Value = "17-Jul-2002"; VariantName = "[No Variations]"
Add component (AddParameter): Name = "LatestRevisionNote"; Value = "Re-released for DXP Platform."; VariantName = "[No Variations]"
Add component (AddParameter): Name = "PackageDescription"; Value = "Diode, Axial; Body 3.8 x 1.9 mm (LxDia. max), Lead Dia. 0.53 mm (max)"; VariantName = "[No Variations]"
Add component (AddParameter): Name = "PackageReference"; Value = "DO-35"; VariantName = "[No Variations]"
Add component (AddParameter): Name = "Published"; Value = "8-Jun-2000"; VariantName = "[No Variations]"
Add component (AddParameter): Name = "Publisher"; Value = "Altium Limited"; VariantName = "[No Variations]"
Added Component: Designator=DC05(DC-005 - duplicate)
Add component. Clean all parameters for all variants
Added Component: Designator=J1(KF128-5.08-2P)
Add component. Clean all parameters for all variants
Added Component: Designator=J2(KF128-5.08-2P)
Add component. Clean all parameters for all variants
Added Component: Designator=J3(KF128-5.08-2P)
Add component. Clean all parameters for all variants
Added Component: Designator=J4(KF128-5.08-2P)
Add component. Clean all parameters for all variants
Added Component: Designator=LED1(LED_0805)
Add component. Clean all parameters for all variants
Added Component: Designator=P1(MX 1.25-WS-4P)
Add component. Clean all parameters for all variants
Add component (AddParameter): Name = "LatestRevisionDate"; Value = "17-Jul-2002"; VariantName = "[No Variations]"
Add component (AddParameter): Name = "LatestRevisionNote"; Value = "Re-released for DXP Platform."; VariantName = "[No Variations]"
Add component (AddParameter): Name = "Publisher"; Value = "Altium Limited"; VariantName = "[No Variations]"
Added Component: Designator=P2(MX 1.25-WS-4P)
Add component. Clean all parameters for all variants
Add component (AddParameter): Name = "LatestRevisionDate"; Value = "17-Jul-2002"; VariantName = "[No Variations]"
Add component (AddParameter): Name = "LatestRevisionNote"; Value = "Re-released for DXP Platform."; VariantName = "[No Variations]"
Add component (AddParameter): Name = "Publisher"; Value = "Altium Limited"; VariantName = "[No Variations]"
Added Component: Designator=P3(MX 1.25-WS-4P)
Add component. Clean all parameters for all variants
Add component (AddParameter): Name = "LatestRevisionDate"; Value = "17-Jul-2002"; VariantName = "[No Variations]"
Add component (AddParameter): Name = "LatestRevisionNote"; Value = "Re-released for DXP Platform."; VariantName = "[No Variations]"
Add component (AddParameter): Name = "Publisher"; Value = "Altium Limited"; VariantName = "[No Variations]"
Added Component: Designator=P4(MX 1.25-WS-4P)
Add component. Clean all parameters for all variants
Add component (AddParameter): Name = "LatestRevisionDate"; Value = "17-Jul-2002"; VariantName = "[No Variations]"
Add component (AddParameter): Name = "LatestRevisionNote"; Value = "Re-released for DXP Platform."; VariantName = "[No Variations]"
Add component (AddParameter): Name = "Publisher"; Value = "Altium Limited"; VariantName = "[No Variations]"
Added Component: Designator=P5(MX 1.25-WS-4P)
Add component. Clean all parameters for all variants
Add component (AddParameter): Name = "LatestRevisionDate"; Value = "17-Jul-2002"; VariantName = "[No Variations]"
Add component (AddParameter): Name = "LatestRevisionNote"; Value = "Re-released for DXP Platform."; VariantName = "[No Variations]"
Add component (AddParameter): Name = "Publisher"; Value = "Altium Limited"; VariantName = "[No Variations]"
Added Component: Designator=pad1(PAD3*3)
Add component. Clean all parameters for all variants
Added Component: Designator=pad2(PAD3*3)
Add component. Clean all parameters for all variants
Added Component: Designator=Q1_HB1(TO-220AB)
Add component. Clean all parameters for all variants
Add component (AddParameter): Name = "ComponentLink1Description"; Value = "Manufacturer Link"; VariantName = "[No Variations]"
Add component (AddParameter): Name = "ComponentLink1URL"; Value = "http://www.irf.com/"; VariantName = "[No Variations]"
Add component (AddParameter): Name = "DatasheetVersion"; Value = "PD-9.814"; VariantName = "[No Variations]"
Add component (AddParameter): Name = "LatestRevisionDate"; Value = "17-Jul-2002"; VariantName = "[No Variations]"
Add component (AddParameter): Name = "LatestRevisionNote"; Value = "Re-released for DXP Platform."; VariantName = "[No Variations]"
Add component (AddParameter): Name = "Note"; Value = "Pin 2 is electrically connected to pin 4."; VariantName = "[No Variations]"
Add component (AddParameter): Name = "PackageDescription"; Value = "TO, Thru-Hole, Vertical, Heatsink Mounted; 3 In-Line Leads; Pitch 2.54 mm"; VariantName = "[No Variations]"
Add component (AddParameter): Name = "PackageReference"; Value = "TO-220AB"; VariantName = "[No Variations]"
Add component (AddParameter): Name = "PackageVersion"; Value = "Feb-1997"; VariantName = "[No Variations]"
Add component (AddParameter): Name = "Published"; Value = "8-Jun-2000"; VariantName = "[No Variations]"
Add component (AddParameter): Name = "Publisher"; Value = "Altium Limited"; VariantName = "[No Variations]"
Added Component: Designator=Q1_HB2(TO-220AB)
Add component. Clean all parameters for all variants
Add component (AddParameter): Name = "ComponentLink1Description"; Value = "Manufacturer Link"; VariantName = "[No Variations]"
Add component (AddParameter): Name = "ComponentLink1URL"; Value = "http://www.irf.com/"; VariantName = "[No Variations]"
Add component (AddParameter): Name = "DatasheetVersion"; Value = "PD-9.814"; VariantName = "[No Variations]"
Add component (AddParameter): Name = "LatestRevisionDate"; Value = "17-Jul-2002"; VariantName = "[No Variations]"
Add component (AddParameter): Name = "LatestRevisionNote"; Value = "Re-released for DXP Platform."; VariantName = "[No Variations]"
Add component (AddParameter): Name = "Note"; Value = "Pin 2 is electrically connected to pin 4."; VariantName = "[No Variations]"
Add component (AddParameter): Name = "PackageDescription"; Value = "TO, Thru-Hole, Vertical, Heatsink Mounted; 3 In-Line Leads; Pitch 2.54 mm"; VariantName = "[No Variations]"
Add component (AddParameter): Name = "PackageReference"; Value = "TO-220AB"; VariantName = "[No Variations]"
Add component (AddParameter): Name = "PackageVersion"; Value = "Feb-1997"; VariantName = "[No Variations]"
Add component (AddParameter): Name = "Published"; Value = "8-Jun-2000"; VariantName = "[No Variations]"
Add component (AddParameter): Name = "Publisher"; Value = "Altium Limited"; VariantName = "[No Variations]"
Added Component: Designator=Q1_HB3(TO-220AB)
Add component. Clean all parameters for all variants
Add component (AddParameter): Name = "ComponentLink1Description"; Value = "Manufacturer Link"; VariantName = "[No Variations]"
Add component (AddParameter): Name = "ComponentLink1URL"; Value = "http://www.irf.com/"; VariantName = "[No Variations]"
Add component (AddParameter): Name = "DatasheetVersion"; Value = "PD-9.814"; VariantName = "[No Variations]"
Add component (AddParameter): Name = "LatestRevisionDate"; Value = "17-Jul-2002"; VariantName = "[No Variations]"
Add component (AddParameter): Name = "LatestRevisionNote"; Value = "Re-released for DXP Platform."; VariantName = "[No Variations]"
Add component (AddParameter): Name = "Note"; Value = "Pin 2 is electrically connected to pin 4."; VariantName = "[No Variations]"
Add component (AddParameter): Name = "PackageDescription"; Value = "TO, Thru-Hole, Vertical, Heatsink Mounted; 3 In-Line Leads; Pitch 2.54 mm"; VariantName = "[No Variations]"
Add component (AddParameter): Name = "PackageReference"; Value = "TO-220AB"; VariantName = "[No Variations]"
Add component (AddParameter): Name = "PackageVersion"; Value = "Feb-1997"; VariantName = "[No Variations]"
Add component (AddParameter): Name = "Published"; Value = "8-Jun-2000"; VariantName = "[No Variations]"
Add component (AddParameter): Name = "Publisher"; Value = "Altium Limited"; VariantName = "[No Variations]"
Added Component: Designator=Q1_HB4(TO-220AB)
Add component. Clean all parameters for all variants
Add component (AddParameter): Name = "ComponentLink1Description"; Value = "Manufacturer Link"; VariantName = "[No Variations]"
Add component (AddParameter): Name = "ComponentLink1URL"; Value = "http://www.irf.com/"; VariantName = "[No Variations]"
Add component (AddParameter): Name = "DatasheetVersion"; Value = "PD-9.814"; VariantName = "[No Variations]"
Add component (AddParameter): Name = "LatestRevisionDate"; Value = "17-Jul-2002"; VariantName = "[No Variations]"
Add component (AddParameter): Name = "LatestRevisionNote"; Value = "Re-released for DXP Platform."; VariantName = "[No Variations]"
Add component (AddParameter): Name = "Note"; Value = "Pin 2 is electrically connected to pin 4."; VariantName = "[No Variations]"
Add component (AddParameter): Name = "PackageDescription"; Value = "TO, Thru-Hole, Vertical, Heatsink Mounted; 3 In-Line Leads; Pitch 2.54 mm"; VariantName = "[No Variations]"
Add component (AddParameter): Name = "PackageReference"; Value = "TO-220AB"; VariantName = "[No Variations]"
Add component (AddParameter): Name = "PackageVersion"; Value = "Feb-1997"; VariantName = "[No Variations]"
Add component (AddParameter): Name = "Published"; Value = "8-Jun-2000"; VariantName = "[No Variations]"
Add component (AddParameter): Name = "Publisher"; Value = "Altium Limited"; VariantName = "[No Variations]"
Added Component: Designator=Q1_HB5(TO-220AB)
Add component. Clean all parameters for all variants
Add component (AddParameter): Name = "ComponentLink1Description"; Value = "Manufacturer Link"; VariantName = "[No Variations]"
Add component (AddParameter): Name = "ComponentLink1URL"; Value = "http://www.irf.com/"; VariantName = "[No Variations]"
Add component (AddParameter): Name = "DatasheetVersion"; Value = "PD-9.814"; VariantName = "[No Variations]"
Add component (AddParameter): Name = "LatestRevisionDate"; Value = "17-Jul-2002"; VariantName = "[No Variations]"
Add component (AddParameter): Name = "LatestRevisionNote"; Value = "Re-released for DXP Platform."; VariantName = "[No Variations]"
Add component (AddParameter): Name = "Note"; Value = "Pin 2 is electrically connected to pin 4."; VariantName = "[No Variations]"
Add component (AddParameter): Name = "PackageDescription"; Value = "TO, Thru-Hole, Vertical, Heatsink Mounted; 3 In-Line Leads; Pitch 2.54 mm"; VariantName = "[No Variations]"
Add component (AddParameter): Name = "PackageReference"; Value = "TO-220AB"; VariantName = "[No Variations]"
Add component (AddParameter): Name = "PackageVersion"; Value = "Feb-1997"; VariantName = "[No Variations]"
Add component (AddParameter): Name = "Published"; Value = "8-Jun-2000"; VariantName = "[No Variations]"
Add component (AddParameter): Name = "Publisher"; Value = "Altium Limited"; VariantName = "[No Variations]"
Added Component: Designator=Q1_HB6(TO-220AB)
Add component. Clean all parameters for all variants
Add component (AddParameter): Name = "ComponentLink1Description"; Value = "Manufacturer Link"; VariantName = "[No Variations]"
Add component (AddParameter): Name = "ComponentLink1URL"; Value = "http://www.irf.com/"; VariantName = "[No Variations]"
Add component (AddParameter): Name = "DatasheetVersion"; Value = "PD-9.814"; VariantName = "[No Variations]"
Add component (AddParameter): Name = "LatestRevisionDate"; Value = "17-Jul-2002"; VariantName = "[No Variations]"
Add component (AddParameter): Name = "LatestRevisionNote"; Value = "Re-released for DXP Platform."; VariantName = "[No Variations]"
Add component (AddParameter): Name = "Note"; Value = "Pin 2 is electrically connected to pin 4."; VariantName = "[No Variations]"
Add component (AddParameter): Name = "PackageDescription"; Value = "TO, Thru-Hole, Vertical, Heatsink Mounted; 3 In-Line Leads; Pitch 2.54 mm"; VariantName = "[No Variations]"
Add component (AddParameter): Name = "PackageReference"; Value = "TO-220AB"; VariantName = "[No Variations]"
Add component (AddParameter): Name = "PackageVersion"; Value = "Feb-1997"; VariantName = "[No Variations]"
Add component (AddParameter): Name = "Published"; Value = "8-Jun-2000"; VariantName = "[No Variations]"
Add component (AddParameter): Name = "Publisher"; Value = "Altium Limited"; VariantName = "[No Variations]"
Added Component: Designator=Q1_HB7(TO-220AB)
Add component. Clean all parameters for all variants
Add component (AddParameter): Name = "ComponentLink1Description"; Value = "Manufacturer Link"; VariantName = "[No Variations]"
Add component (AddParameter): Name = "ComponentLink1URL"; Value = "http://www.irf.com/"; VariantName = "[No Variations]"
Add component (AddParameter): Name = "DatasheetVersion"; Value = "PD-9.814"; VariantName = "[No Variations]"
Add component (AddParameter): Name = "LatestRevisionDate"; Value = "17-Jul-2002"; VariantName = "[No Variations]"
Add component (AddParameter): Name = "LatestRevisionNote"; Value = "Re-released for DXP Platform."; VariantName = "[No Variations]"
Add component (AddParameter): Name = "Note"; Value = "Pin 2 is electrically connected to pin 4."; VariantName = "[No Variations]"
Add component (AddParameter): Name = "PackageDescription"; Value = "TO, Thru-Hole, Vertical, Heatsink Mounted; 3 In-Line Leads; Pitch 2.54 mm"; VariantName = "[No Variations]"
Add component (AddParameter): Name = "PackageReference"; Value = "TO-220AB"; VariantName = "[No Variations]"
Add component (AddParameter): Name = "PackageVersion"; Value = "Feb-1997"; VariantName = "[No Variations]"
Add component (AddParameter): Name = "Published"; Value = "8-Jun-2000"; VariantName = "[No Variations]"
Add component (AddParameter): Name = "Publisher"; Value = "Altium Limited"; VariantName = "[No Variations]"
Added Component: Designator=Q1_HB8(TO-220AB)
Add component. Clean all parameters for all variants
Add component (AddParameter): Name = "ComponentLink1Description"; Value = "Manufacturer Link"; VariantName = "[No Variations]"
Add component (AddParameter): Name = "ComponentLink1URL"; Value = "http://www.irf.com/"; VariantName = "[No Variations]"
Add component (AddParameter): Name = "DatasheetVersion"; Value = "PD-9.814"; VariantName = "[No Variations]"
Add component (AddParameter): Name = "LatestRevisionDate"; Value = "17-Jul-2002"; VariantName = "[No Variations]"
Add component (AddParameter): Name = "LatestRevisionNote"; Value = "Re-released for DXP Platform."; VariantName = "[No Variations]"
Add component (AddParameter): Name = "Note"; Value = "Pin 2 is electrically connected to pin 4."; VariantName = "[No Variations]"
Add component (AddParameter): Name = "PackageDescription"; Value = "TO, Thru-Hole, Vertical, Heatsink Mounted; 3 In-Line Leads; Pitch 2.54 mm"; VariantName = "[No Variations]"
Add component (AddParameter): Name = "PackageReference"; Value = "TO-220AB"; VariantName = "[No Variations]"
Add component (AddParameter): Name = "PackageVersion"; Value = "Feb-1997"; VariantName = "[No Variations]"
Add component (AddParameter): Name = "Published"; Value = "8-Jun-2000"; VariantName = "[No Variations]"
Add component (AddParameter): Name = "Publisher"; Value = "Altium Limited"; VariantName = "[No Variations]"
Added Component: Designator=Q2_HB1(TO-220AB)
Add component. Clean all parameters for all variants
Add component (AddParameter): Name = "ComponentLink1Description"; Value = "Manufacturer Link"; VariantName = "[No Variations]"
Add component (AddParameter): Name = "ComponentLink1URL"; Value = "http://www.irf.com/"; VariantName = "[No Variations]"
Add component (AddParameter): Name = "DatasheetVersion"; Value = "PD-9.814"; VariantName = "[No Variations]"
Add component (AddParameter): Name = "LatestRevisionDate"; Value = "17-Jul-2002"; VariantName = "[No Variations]"
Add component (AddParameter): Name = "LatestRevisionNote"; Value = "Re-released for DXP Platform."; VariantName = "[No Variations]"
Add component (AddParameter): Name = "Note"; Value = "Pin 2 is electrically connected to pin 4."; VariantName = "[No Variations]"
Add component (AddParameter): Name = "PackageDescription"; Value = "TO, Thru-Hole, Vertical, Heatsink Mounted; 3 In-Line Leads; Pitch 2.54 mm"; VariantName = "[No Variations]"
Add component (AddParameter): Name = "PackageReference"; Value = "TO-220AB"; VariantName = "[No Variations]"
Add component (AddParameter): Name = "PackageVersion"; Value = "Feb-1997"; VariantName = "[No Variations]"
Add component (AddParameter): Name = "Published"; Value = "8-Jun-2000"; VariantName = "[No Variations]"
Add component (AddParameter): Name = "Publisher"; Value = "Altium Limited"; VariantName = "[No Variations]"
Added Component: Designator=Q2_HB2(TO-220AB)
Add component. Clean all parameters for all variants
Add component (AddParameter): Name = "ComponentLink1Description"; Value = "Manufacturer Link"; VariantName = "[No Variations]"
Add component (AddParameter): Name = "ComponentLink1URL"; Value = "http://www.irf.com/"; VariantName = "[No Variations]"
Add component (AddParameter): Name = "DatasheetVersion"; Value = "PD-9.814"; VariantName = "[No Variations]"
Add component (AddParameter): Name = "LatestRevisionDate"; Value = "17-Jul-2002"; VariantName = "[No Variations]"
Add component (AddParameter): Name = "LatestRevisionNote"; Value = "Re-released for DXP Platform."; VariantName = "[No Variations]"
Add component (AddParameter): Name = "Note"; Value = "Pin 2 is electrically connected to pin 4."; VariantName = "[No Variations]"
Add component (AddParameter): Name = "PackageDescription"; Value = "TO, Thru-Hole, Vertical, Heatsink Mounted; 3 In-Line Leads; Pitch 2.54 mm"; VariantName = "[No Variations]"
Add component (AddParameter): Name = "PackageReference"; Value = "TO-220AB"; VariantName = "[No Variations]"
Add component (AddParameter): Name = "PackageVersion"; Value = "Feb-1997"; VariantName = "[No Variations]"
Add component (AddParameter): Name = "Published"; Value = "8-Jun-2000"; VariantName = "[No Variations]"
Add component (AddParameter): Name = "Publisher"; Value = "Altium Limited"; VariantName = "[No Variations]"
Added Component: Designator=Q2_HB3(TO-220AB)
Add component. Clean all parameters for all variants
Add component (AddParameter): Name = "ComponentLink1Description"; Value = "Manufacturer Link"; VariantName = "[No Variations]"
Add component (AddParameter): Name = "ComponentLink1URL"; Value = "http://www.irf.com/"; VariantName = "[No Variations]"
Add component (AddParameter): Name = "DatasheetVersion"; Value = "PD-9.814"; VariantName = "[No Variations]"
Add component (AddParameter): Name = "LatestRevisionDate"; Value = "17-Jul-2002"; VariantName = "[No Variations]"
Add component (AddParameter): Name = "LatestRevisionNote"; Value = "Re-released for DXP Platform."; VariantName = "[No Variations]"
Add component (AddParameter): Name = "Note"; Value = "Pin 2 is electrically connected to pin 4."; VariantName = "[No Variations]"
Add component (AddParameter): Name = "PackageDescription"; Value = "TO, Thru-Hole, Vertical, Heatsink Mounted; 3 In-Line Leads; Pitch 2.54 mm"; VariantName = "[No Variations]"
Add component (AddParameter): Name = "PackageReference"; Value = "TO-220AB"; VariantName = "[No Variations]"
Add component (AddParameter): Name = "PackageVersion"; Value = "Feb-1997"; VariantName = "[No Variations]"
Add component (AddParameter): Name = "Published"; Value = "8-Jun-2000"; VariantName = "[No Variations]"
Add component (AddParameter): Name = "Publisher"; Value = "Altium Limited"; VariantName = "[No Variations]"
Added Component: Designator=Q2_HB4(TO-220AB)
Add component. Clean all parameters for all variants
Add component (AddParameter): Name = "ComponentLink1Description"; Value = "Manufacturer Link"; VariantName = "[No Variations]"
Add component (AddParameter): Name = "ComponentLink1URL"; Value = "http://www.irf.com/"; VariantName = "[No Variations]"
Add component (AddParameter): Name = "DatasheetVersion"; Value = "PD-9.814"; VariantName = "[No Variations]"
Add component (AddParameter): Name = "LatestRevisionDate"; Value = "17-Jul-2002"; VariantName = "[No Variations]"
Add component (AddParameter): Name = "LatestRevisionNote"; Value = "Re-released for DXP Platform."; VariantName = "[No Variations]"
Add component (AddParameter): Name = "Note"; Value = "Pin 2 is electrically connected to pin 4."; VariantName = "[No Variations]"
Add component (AddParameter): Name = "PackageDescription"; Value = "TO, Thru-Hole, Vertical, Heatsink Mounted; 3 In-Line Leads; Pitch 2.54 mm"; VariantName = "[No Variations]"
Add component (AddParameter): Name = "PackageReference"; Value = "TO-220AB"; VariantName = "[No Variations]"
Add component (AddParameter): Name = "PackageVersion"; Value = "Feb-1997"; VariantName = "[No Variations]"
Add component (AddParameter): Name = "Published"; Value = "8-Jun-2000"; VariantName = "[No Variations]"
Add component (AddParameter): Name = "Publisher"; Value = "Altium Limited"; VariantName = "[No Variations]"
Added Component: Designator=Q2_HB5(TO-220AB)
Add component. Clean all parameters for all variants
Add component (AddParameter): Name = "ComponentLink1Description"; Value = "Manufacturer Link"; VariantName = "[No Variations]"
Add component (AddParameter): Name = "ComponentLink1URL"; Value = "http://www.irf.com/"; VariantName = "[No Variations]"
Add component (AddParameter): Name = "DatasheetVersion"; Value = "PD-9.814"; VariantName = "[No Variations]"
Add component (AddParameter): Name = "LatestRevisionDate"; Value = "17-Jul-2002"; VariantName = "[No Variations]"
Add component (AddParameter): Name = "LatestRevisionNote"; Value = "Re-released for DXP Platform."; VariantName = "[No Variations]"
Add component (AddParameter): Name = "Note"; Value = "Pin 2 is electrically connected to pin 4."; VariantName = "[No Variations]"
Add component (AddParameter): Name = "PackageDescription"; Value = "TO, Thru-Hole, Vertical, Heatsink Mounted; 3 In-Line Leads; Pitch 2.54 mm"; VariantName = "[No Variations]"
Add component (AddParameter): Name = "PackageReference"; Value = "TO-220AB"; VariantName = "[No Variations]"
Add component (AddParameter): Name = "PackageVersion"; Value = "Feb-1997"; VariantName = "[No Variations]"
Add component (AddParameter): Name = "Published"; Value = "8-Jun-2000"; VariantName = "[No Variations]"
Add component (AddParameter): Name = "Publisher"; Value = "Altium Limited"; VariantName = "[No Variations]"
Added Component: Designator=Q2_HB6(TO-220AB)
Add component. Clean all parameters for all variants
Add component (AddParameter): Name = "ComponentLink1Description"; Value = "Manufacturer Link"; VariantName = "[No Variations]"
Add component (AddParameter): Name = "ComponentLink1URL"; Value = "http://www.irf.com/"; VariantName = "[No Variations]"
Add component (AddParameter): Name = "DatasheetVersion"; Value = "PD-9.814"; VariantName = "[No Variations]"
Add component (AddParameter): Name = "LatestRevisionDate"; Value = "17-Jul-2002"; VariantName = "[No Variations]"
Add component (AddParameter): Name = "LatestRevisionNote"; Value = "Re-released for DXP Platform."; VariantName = "[No Variations]"
Add component (AddParameter): Name = "Note"; Value = "Pin 2 is electrically connected to pin 4."; VariantName = "[No Variations]"
Add component (AddParameter): Name = "PackageDescription"; Value = "TO, Thru-Hole, Vertical, Heatsink Mounted; 3 In-Line Leads; Pitch 2.54 mm"; VariantName = "[No Variations]"
Add component (AddParameter): Name = "PackageReference"; Value = "TO-220AB"; VariantName = "[No Variations]"
Add component (AddParameter): Name = "PackageVersion"; Value = "Feb-1997"; VariantName = "[No Variations]"
Add component (AddParameter): Name = "Published"; Value = "8-Jun-2000"; VariantName = "[No Variations]"
Add component (AddParameter): Name = "Publisher"; Value = "Altium Limited"; VariantName = "[No Variations]"
Added Component: Designator=Q2_HB7(TO-220AB)
Add component. Clean all parameters for all variants
Add component (AddParameter): Name = "ComponentLink1Description"; Value = "Manufacturer Link"; VariantName = "[No Variations]"
Add component (AddParameter): Name = "ComponentLink1URL"; Value = "http://www.irf.com/"; VariantName = "[No Variations]"
Add component (AddParameter): Name = "DatasheetVersion"; Value = "PD-9.814"; VariantName = "[No Variations]"
Add component (AddParameter): Name = "LatestRevisionDate"; Value = "17-Jul-2002"; VariantName = "[No Variations]"
Add component (AddParameter): Name = "LatestRevisionNote"; Value = "Re-released for DXP Platform."; VariantName = "[No Variations]"
Add component (AddParameter): Name = "Note"; Value = "Pin 2 is electrically connected to pin 4."; VariantName = "[No Variations]"
Add component (AddParameter): Name = "PackageDescription"; Value = "TO, Thru-Hole, Vertical, Heatsink Mounted; 3 In-Line Leads; Pitch 2.54 mm"; VariantName = "[No Variations]"
Add component (AddParameter): Name = "PackageReference"; Value = "TO-220AB"; VariantName = "[No Variations]"
Add component (AddParameter): Name = "PackageVersion"; Value = "Feb-1997"; VariantName = "[No Variations]"
Add component (AddParameter): Name = "Published"; Value = "8-Jun-2000"; VariantName = "[No Variations]"
Add component (AddParameter): Name = "Publisher"; Value = "Altium Limited"; VariantName = "[No Variations]"
Added Component: Designator=Q2_HB8(TO-220AB)
Add component. Clean all parameters for all variants
Add component (AddParameter): Name = "ComponentLink1Description"; Value = "Manufacturer Link"; VariantName = "[No Variations]"
Add component (AddParameter): Name = "ComponentLink1URL"; Value = "http://www.irf.com/"; VariantName = "[No Variations]"
Add component (AddParameter): Name = "DatasheetVersion"; Value = "PD-9.814"; VariantName = "[No Variations]"
Add component (AddParameter): Name = "LatestRevisionDate"; Value = "17-Jul-2002"; VariantName = "[No Variations]"
Add component (AddParameter): Name = "LatestRevisionNote"; Value = "Re-released for DXP Platform."; VariantName = "[No Variations]"
Add component (AddParameter): Name = "Note"; Value = "Pin 2 is electrically connected to pin 4."; VariantName = "[No Variations]"
Add component (AddParameter): Name = "PackageDescription"; Value = "TO, Thru-Hole, Vertical, Heatsink Mounted; 3 In-Line Leads; Pitch 2.54 mm"; VariantName = "[No Variations]"
Add component (AddParameter): Name = "PackageReference"; Value = "TO-220AB"; VariantName = "[No Variations]"
Add component (AddParameter): Name = "PackageVersion"; Value = "Feb-1997"; VariantName = "[No Variations]"
Add component (AddParameter): Name = "Published"; Value = "8-Jun-2000"; VariantName = "[No Variations]"
Add component (AddParameter): Name = "Publisher"; Value = "Altium Limited"; VariantName = "[No Variations]"
Added Component: Designator=R0(0805_R)
Add component. Clean all parameters for all variants
Added Component: Designator=R1_HB1(0805_R)
Add component. Clean all parameters for all variants
Added Component: Designator=R1_HB2(0805_R)
Add component. Clean all parameters for all variants
Added Component: Designator=R1_HB3(0805_R)
Add component. Clean all parameters for all variants
Added Component: Designator=R1_HB4(0805_R)
Add component. Clean all parameters for all variants
Added Component: Designator=R1_HB5(0805_R)
Add component. Clean all parameters for all variants
Added Component: Designator=R1_HB6(0805_R)
Add component. Clean all parameters for all variants
Added Component: Designator=R1_HB7(0805_R)
Add component. Clean all parameters for all variants
Added Component: Designator=R1_HB8(0805_R)
Add component. Clean all parameters for all variants
Added Component: Designator=R2_HB1(0805_R)
Add component. Clean all parameters for all variants
Added Component: Designator=R2_HB2(0805_R)
Add component. Clean all parameters for all variants
Added Component: Designator=R2_HB3(0805_R)
Add component. Clean all parameters for all variants
Added Component: Designator=R2_HB4(0805_R)
Add component. Clean all parameters for all variants
Added Component: Designator=R2_HB5(0805_R)
Add component. Clean all parameters for all variants
Added Component: Designator=R2_HB6(0805_R)
Add component. Clean all parameters for all variants
Added Component: Designator=R2_HB7(0805_R)
Add component. Clean all parameters for all variants
Added Component: Designator=R2_HB8(0805_R)
Add component. Clean all parameters for all variants
Added Component: Designator=R3_HB1(0805_R)
Add component. Clean all parameters for all variants
Added Component: Designator=R3_HB2(0805_R)
Add component. Clean all parameters for all variants
Added Component: Designator=R3_HB3(0805_R)
Add component. Clean all parameters for all variants
Added Component: Designator=R3_HB4(0805_R)
Add component. Clean all parameters for all variants
Added Component: Designator=R3_HB5(0805_R)
Add component. Clean all parameters for all variants
Added Component: Designator=R3_HB6(0805_R)
Add component. Clean all parameters for all variants
Added Component: Designator=R3_HB7(0805_R)
Add component. Clean all parameters for all variants
Added Component: Designator=R3_HB8(0805_R)
Add component. Clean all parameters for all variants
Added Component: Designator=R4_HB1(0805_R)
Add component. Clean all parameters for all variants
Added Component: Designator=R4_HB2(0805_R)
Add component. Clean all parameters for all variants
Added Component: Designator=R4_HB3(0805_R)
Add component. Clean all parameters for all variants
Added Component: Designator=R4_HB4(0805_R)
Add component. Clean all parameters for all variants
Added Component: Designator=R4_HB5(0805_R)
Add component. Clean all parameters for all variants
Added Component: Designator=R4_HB6(0805_R)
Add component. Clean all parameters for all variants
Added Component: Designator=R4_HB7(0805_R)
Add component. Clean all parameters for all variants
Added Component: Designator=R4_HB8(0805_R)
Add component. Clean all parameters for all variants
Added Component: Designator=R(0805_R)
Add component. Clean all parameters for all variants
Added Pin To Net: NetName=+5 Pin=78M05-3
Added Pin To Net: NetName=+5 Pin=C-1
Added Pin To Net: NetName=+5 Pin=P5-1
Added Pin To Net: NetName=+5 Pin=P5-2
Added Pin To Net: NetName=+5 Pin=R-1
Added Net: Name=+5
Added Pin To Net: NetName=+12 Pin=DC05-1
Added Pin To Net: NetName=+12 Pin=pad1-1
Added Net: Name=+12
Added Pin To Net: NetName=GND Pin=78M05-4
Added Pin To Net: NetName=GND Pin=2104_HB1-4
Added Pin To Net: NetName=GND Pin=2104_HB2-4
Added Pin To Net: NetName=GND Pin=2104_HB3-4
Added Pin To Net: NetName=GND Pin=2104_HB4-4
Added Pin To Net: NetName=GND Pin=2104_HB5-4
Added Pin To Net: NetName=GND Pin=2104_HB6-4
Added Pin To Net: NetName=GND Pin=2104_HB7-4
Added Pin To Net: NetName=GND Pin=2104_HB8-4
Added Pin To Net: NetName=GND Pin=C1_HB1-1
Added Pin To Net: NetName=GND Pin=C1_HB2-1
Added Pin To Net: NetName=GND Pin=C1_HB3-1
Added Pin To Net: NetName=GND Pin=C1_HB4-1
Added Pin To Net: NetName=GND Pin=C1_HB5-1
Added Pin To Net: NetName=GND Pin=C1_HB6-1
Added Pin To Net: NetName=GND Pin=C1_HB7-1
Added Pin To Net: NetName=GND Pin=C1_HB8-1
Added Pin To Net: NetName=GND Pin=C-2
Added Pin To Net: NetName=GND Pin=DC05-2
Added Pin To Net: NetName=GND Pin=DC05-3
Added Pin To Net: NetName=GND Pin=LED1-2
Added Pin To Net: NetName=GND Pin=Q1_HB1-3
Added Pin To Net: NetName=GND Pin=Q1_HB2-3
Added Pin To Net: NetName=GND Pin=Q1_HB3-3
Added Pin To Net: NetName=GND Pin=Q1_HB4-3
Added Pin To Net: NetName=GND Pin=Q1_HB5-3
Added Pin To Net: NetName=GND Pin=Q1_HB6-3
Added Pin To Net: NetName=GND Pin=Q1_HB7-3
Added Pin To Net: NetName=GND Pin=Q1_HB8-3
Added Pin To Net: NetName=GND Pin=R0-1
Added Pin To Net: NetName=GND Pin=R2_HB1-2
Added Pin To Net: NetName=GND Pin=R2_HB2-2
Added Pin To Net: NetName=GND Pin=R2_HB3-2
Added Pin To Net: NetName=GND Pin=R2_HB4-2
Added Pin To Net: NetName=GND Pin=R2_HB5-2
Added Pin To Net: NetName=GND Pin=R2_HB6-2
Added Pin To Net: NetName=GND Pin=R2_HB7-2
Added Pin To Net: NetName=GND Pin=R2_HB8-2
Added Net: Name=GND
Added Pin To Net: NetName=MT1 Pin=2104_HB1-6
Added Pin To Net: NetName=MT1 Pin=C2_HB1-1
Added Pin To Net: NetName=MT1 Pin=J1-1
Added Pin To Net: NetName=MT1 Pin=Q1_HB1-2
Added Pin To Net: NetName=MT1 Pin=Q2_HB1-3
Added Pin To Net: NetName=MT1 Pin=R4_HB1-1
Added Net: Name=MT1
Added Pin To Net: NetName=MT2 Pin=2104_HB2-6
Added Pin To Net: NetName=MT2 Pin=C2_HB2-1
Added Pin To Net: NetName=MT2 Pin=J1-2
Added Pin To Net: NetName=MT2 Pin=Q1_HB2-2
Added Pin To Net: NetName=MT2 Pin=Q2_HB2-3
Added Pin To Net: NetName=MT2 Pin=R4_HB2-1
Added Net: Name=MT2
Added Pin To Net: NetName=MT3 Pin=2104_HB3-6
Added Pin To Net: NetName=MT3 Pin=C2_HB3-1
Added Pin To Net: NetName=MT3 Pin=J2-1
Added Pin To Net: NetName=MT3 Pin=Q1_HB3-2
Added Pin To Net: NetName=MT3 Pin=Q2_HB3-3
Added Pin To Net: NetName=MT3 Pin=R4_HB3-1
Added Net: Name=MT3
Added Pin To Net: NetName=MT4 Pin=2104_HB4-6
Added Pin To Net: NetName=MT4 Pin=C2_HB4-1
Added Pin To Net: NetName=MT4 Pin=J2-2
Added Pin To Net: NetName=MT4 Pin=Q1_HB4-2
Added Pin To Net: NetName=MT4 Pin=Q2_HB4-3
Added Pin To Net: NetName=MT4 Pin=R4_HB4-1
Added Net: Name=MT4
Added Pin To Net: NetName=MT5 Pin=2104_HB5-6
Added Pin To Net: NetName=MT5 Pin=C2_HB5-1
Added Pin To Net: NetName=MT5 Pin=J3-1
Added Pin To Net: NetName=MT5 Pin=Q1_HB5-2
Added Pin To Net: NetName=MT5 Pin=Q2_HB5-3
Added Pin To Net: NetName=MT5 Pin=R4_HB5-1
Added Net: Name=MT5
Added Pin To Net: NetName=MT6 Pin=2104_HB6-6
Added Pin To Net: NetName=MT6 Pin=C2_HB6-1
Added Pin To Net: NetName=MT6 Pin=J3-2
Added Pin To Net: NetName=MT6 Pin=Q1_HB6-2
Added Pin To Net: NetName=MT6 Pin=Q2_HB6-3
Added Pin To Net: NetName=MT6 Pin=R4_HB6-1
Added Net: Name=MT6
Added Pin To Net: NetName=MT7 Pin=2104_HB7-6
Added Pin To Net: NetName=MT7 Pin=C2_HB7-1
Added Pin To Net: NetName=MT7 Pin=J4-1
Added Pin To Net: NetName=MT7 Pin=Q1_HB7-2
Added Pin To Net: NetName=MT7 Pin=Q2_HB7-3
Added Pin To Net: NetName=MT7 Pin=R4_HB7-1
Added Net: Name=MT7
Added Pin To Net: NetName=MT8 Pin=2104_HB8-6
Added Pin To Net: NetName=MT8 Pin=C2_HB8-1
Added Pin To Net: NetName=MT8 Pin=J4-2
Added Pin To Net: NetName=MT8 Pin=Q1_HB8-2
Added Pin To Net: NetName=MT8 Pin=Q2_HB8-3
Added Pin To Net: NetName=MT8 Pin=R4_HB8-1
Added Net: Name=MT8
Added Pin To Net: NetName=Net2104_HB1_5 Pin=2104_HB1-5
Added Pin To Net: NetName=Net2104_HB1_5 Pin=D3_HB1-2
Added Pin To Net: NetName=Net2104_HB1_5 Pin=R1_HB1-1
Added Net: Name=Net2104_HB1_5
Added Pin To Net: NetName=Net2104_HB1_7 Pin=2104_HB1-7
Added Pin To Net: NetName=Net2104_HB1_7 Pin=D2_HB1-2
Added Pin To Net: NetName=Net2104_HB1_7 Pin=R3_HB1-1
Added Net: Name=Net2104_HB1_7
Added Pin To Net: NetName=Net2104_HB1_8 Pin=2104_HB1-8
Added Pin To Net: NetName=Net2104_HB1_8 Pin=C2_HB1-2
Added Pin To Net: NetName=Net2104_HB1_8 Pin=D1_HB1-2
Added Net: Name=Net2104_HB1_8
Added Pin To Net: NetName=Net2104_HB2_5 Pin=2104_HB2-5
Added Pin To Net: NetName=Net2104_HB2_5 Pin=D3_HB2-2
Added Pin To Net: NetName=Net2104_HB2_5 Pin=R1_HB2-1
Added Net: Name=Net2104_HB2_5
Added Pin To Net: NetName=Net2104_HB2_7 Pin=2104_HB2-7
Added Pin To Net: NetName=Net2104_HB2_7 Pin=D2_HB2-2
Added Pin To Net: NetName=Net2104_HB2_7 Pin=R3_HB2-1
Added Net: Name=Net2104_HB2_7
Added Pin To Net: NetName=Net2104_HB2_8 Pin=2104_HB2-8
Added Pin To Net: NetName=Net2104_HB2_8 Pin=C2_HB2-2
Added Pin To Net: NetName=Net2104_HB2_8 Pin=D1_HB2-2
Added Net: Name=Net2104_HB2_8
Added Pin To Net: NetName=Net2104_HB3_5 Pin=2104_HB3-5
Added Pin To Net: NetName=Net2104_HB3_5 Pin=D3_HB3-2
Added Pin To Net: NetName=Net2104_HB3_5 Pin=R1_HB3-1
Added Net: Name=Net2104_HB3_5
Added Pin To Net: NetName=Net2104_HB3_7 Pin=2104_HB3-7
Added Pin To Net: NetName=Net2104_HB3_7 Pin=D2_HB3-2
Added Pin To Net: NetName=Net2104_HB3_7 Pin=R3_HB3-1
Added Net: Name=Net2104_HB3_7
Added Pin To Net: NetName=Net2104_HB3_8 Pin=2104_HB3-8
Added Pin To Net: NetName=Net2104_HB3_8 Pin=C2_HB3-2
Added Pin To Net: NetName=Net2104_HB3_8 Pin=D1_HB3-2
Added Net: Name=Net2104_HB3_8
Added Pin To Net: NetName=Net2104_HB4_5 Pin=2104_HB4-5
Added Pin To Net: NetName=Net2104_HB4_5 Pin=D3_HB4-2
Added Pin To Net: NetName=Net2104_HB4_5 Pin=R1_HB4-1
Added Net: Name=Net2104_HB4_5
Added Pin To Net: NetName=Net2104_HB4_7 Pin=2104_HB4-7
Added Pin To Net: NetName=Net2104_HB4_7 Pin=D2_HB4-2
Added Pin To Net: NetName=Net2104_HB4_7 Pin=R3_HB4-1
Added Net: Name=Net2104_HB4_7
Added Pin To Net: NetName=Net2104_HB4_8 Pin=2104_HB4-8
Added Pin To Net: NetName=Net2104_HB4_8 Pin=C2_HB4-2
Added Pin To Net: NetName=Net2104_HB4_8 Pin=D1_HB4-2
Added Net: Name=Net2104_HB4_8
Added Pin To Net: NetName=Net2104_HB5_5 Pin=2104_HB5-5
Added Pin To Net: NetName=Net2104_HB5_5 Pin=D3_HB5-2
Added Pin To Net: NetName=Net2104_HB5_5 Pin=R1_HB5-1
Added Net: Name=Net2104_HB5_5
Added Pin To Net: NetName=Net2104_HB5_7 Pin=2104_HB5-7
Added Pin To Net: NetName=Net2104_HB5_7 Pin=D2_HB5-2
Added Pin To Net: NetName=Net2104_HB5_7 Pin=R3_HB5-1
Added Net: Name=Net2104_HB5_7
Added Pin To Net: NetName=Net2104_HB5_8 Pin=2104_HB5-8
Added Pin To Net: NetName=Net2104_HB5_8 Pin=C2_HB5-2
Added Pin To Net: NetName=Net2104_HB5_8 Pin=D1_HB5-2
Added Net: Name=Net2104_HB5_8
Added Pin To Net: NetName=Net2104_HB6_5 Pin=2104_HB6-5
Added Pin To Net: NetName=Net2104_HB6_5 Pin=D3_HB6-2
Added Pin To Net: NetName=Net2104_HB6_5 Pin=R1_HB6-1
Added Net: Name=Net2104_HB6_5
Added Pin To Net: NetName=Net2104_HB6_7 Pin=2104_HB6-7
Added Pin To Net: NetName=Net2104_HB6_7 Pin=D2_HB6-2
Added Pin To Net: NetName=Net2104_HB6_7 Pin=R3_HB6-1
Added Net: Name=Net2104_HB6_7
Added Pin To Net: NetName=Net2104_HB6_8 Pin=2104_HB6-8
Added Pin To Net: NetName=Net2104_HB6_8 Pin=C2_HB6-2
Added Pin To Net: NetName=Net2104_HB6_8 Pin=D1_HB6-2
Added Net: Name=Net2104_HB6_8
Added Pin To Net: NetName=Net2104_HB7_5 Pin=2104_HB7-5
Added Pin To Net: NetName=Net2104_HB7_5 Pin=D3_HB7-2
Added Pin To Net: NetName=Net2104_HB7_5 Pin=R1_HB7-1
Added Net: Name=Net2104_HB7_5
Added Pin To Net: NetName=Net2104_HB7_7 Pin=2104_HB7-7
Added Pin To Net: NetName=Net2104_HB7_7 Pin=D2_HB7-2
Added Pin To Net: NetName=Net2104_HB7_7 Pin=R3_HB7-1
Added Net: Name=Net2104_HB7_7
Added Pin To Net: NetName=Net2104_HB7_8 Pin=2104_HB7-8
Added Pin To Net: NetName=Net2104_HB7_8 Pin=C2_HB7-2
Added Pin To Net: NetName=Net2104_HB7_8 Pin=D1_HB7-2
Added Net: Name=Net2104_HB7_8
Added Pin To Net: NetName=Net2104_HB8_5 Pin=2104_HB8-5
Added Pin To Net: NetName=Net2104_HB8_5 Pin=D3_HB8-2
Added Pin To Net: NetName=Net2104_HB8_5 Pin=R1_HB8-1
Added Net: Name=Net2104_HB8_5
Added Pin To Net: NetName=Net2104_HB8_7 Pin=2104_HB8-7
Added Pin To Net: NetName=Net2104_HB8_7 Pin=D2_HB8-2
Added Pin To Net: NetName=Net2104_HB8_7 Pin=R3_HB8-1
Added Net: Name=Net2104_HB8_7
Added Pin To Net: NetName=Net2104_HB8_8 Pin=2104_HB8-8
Added Pin To Net: NetName=Net2104_HB8_8 Pin=C2_HB8-2
Added Pin To Net: NetName=Net2104_HB8_8 Pin=D1_HB8-2
Added Net: Name=Net2104_HB8_8
Added Pin To Net: NetName=NetD2_HB1_1 Pin=D2_HB1-1
Added Pin To Net: NetName=NetD2_HB1_1 Pin=Q2_HB1-1
Added Pin To Net: NetName=NetD2_HB1_1 Pin=R3_HB1-2
Added Pin To Net: NetName=NetD2_HB1_1 Pin=R4_HB1-2
Added Net: Name=NetD2_HB1_1
Added Pin To Net: NetName=NetD2_HB2_1 Pin=D2_HB2-1
Added Pin To Net: NetName=NetD2_HB2_1 Pin=Q2_HB2-1
Added Pin To Net: NetName=NetD2_HB2_1 Pin=R3_HB2-2
Added Pin To Net: NetName=NetD2_HB2_1 Pin=R4_HB2-2
Added Net: Name=NetD2_HB2_1
Added Pin To Net: NetName=NetD2_HB3_1 Pin=D2_HB3-1
Added Pin To Net: NetName=NetD2_HB3_1 Pin=Q2_HB3-1
Added Pin To Net: NetName=NetD2_HB3_1 Pin=R3_HB3-2
Added Pin To Net: NetName=NetD2_HB3_1 Pin=R4_HB3-2
Added Net: Name=NetD2_HB3_1
Added Pin To Net: NetName=NetD2_HB4_1 Pin=D2_HB4-1
Added Pin To Net: NetName=NetD2_HB4_1 Pin=Q2_HB4-1
Added Pin To Net: NetName=NetD2_HB4_1 Pin=R3_HB4-2
Added Pin To Net: NetName=NetD2_HB4_1 Pin=R4_HB4-2
Added Net: Name=NetD2_HB4_1
Added Pin To Net: NetName=NetD2_HB5_1 Pin=D2_HB5-1
Added Pin To Net: NetName=NetD2_HB5_1 Pin=Q2_HB5-1
Added Pin To Net: NetName=NetD2_HB5_1 Pin=R3_HB5-2
Added Pin To Net: NetName=NetD2_HB5_1 Pin=R4_HB5-2
Added Net: Name=NetD2_HB5_1
Added Pin To Net: NetName=NetD2_HB6_1 Pin=D2_HB6-1
Added Pin To Net: NetName=NetD2_HB6_1 Pin=Q2_HB6-1
Added Pin To Net: NetName=NetD2_HB6_1 Pin=R3_HB6-2
Added Pin To Net: NetName=NetD2_HB6_1 Pin=R4_HB6-2
Added Net: Name=NetD2_HB6_1
Added Pin To Net: NetName=NetD2_HB7_1 Pin=D2_HB7-1
Added Pin To Net: NetName=NetD2_HB7_1 Pin=Q2_HB7-1
Added Pin To Net: NetName=NetD2_HB7_1 Pin=R3_HB7-2
Added Pin To Net: NetName=NetD2_HB7_1 Pin=R4_HB7-2
Added Net: Name=NetD2_HB7_1
Added Pin To Net: NetName=NetD2_HB8_1 Pin=D2_HB8-1
Added Pin To Net: NetName=NetD2_HB8_1 Pin=Q2_HB8-1
Added Pin To Net: NetName=NetD2_HB8_1 Pin=R3_HB8-2
Added Pin To Net: NetName=NetD2_HB8_1 Pin=R4_HB8-2
Added Net: Name=NetD2_HB8_1
Added Pin To Net: NetName=NetD3_HB1_1 Pin=D3_HB1-1
Added Pin To Net: NetName=NetD3_HB1_1 Pin=Q1_HB1-1
Added Pin To Net: NetName=NetD3_HB1_1 Pin=R1_HB1-2
Added Pin To Net: NetName=NetD3_HB1_1 Pin=R2_HB1-1
Added Net: Name=NetD3_HB1_1
Added Pin To Net: NetName=NetD3_HB2_1 Pin=D3_HB2-1
Added Pin To Net: NetName=NetD3_HB2_1 Pin=Q1_HB2-1
Added Pin To Net: NetName=NetD3_HB2_1 Pin=R1_HB2-2
Added Pin To Net: NetName=NetD3_HB2_1 Pin=R2_HB2-1
Added Net: Name=NetD3_HB2_1
Added Pin To Net: NetName=NetD3_HB3_1 Pin=D3_HB3-1
Added Pin To Net: NetName=NetD3_HB3_1 Pin=Q1_HB3-1
Added Pin To Net: NetName=NetD3_HB3_1 Pin=R1_HB3-2
Added Pin To Net: NetName=NetD3_HB3_1 Pin=R2_HB3-1
Added Net: Name=NetD3_HB3_1
Added Pin To Net: NetName=NetD3_HB4_1 Pin=D3_HB4-1
Added Pin To Net: NetName=NetD3_HB4_1 Pin=Q1_HB4-1
Added Pin To Net: NetName=NetD3_HB4_1 Pin=R1_HB4-2
Added Pin To Net: NetName=NetD3_HB4_1 Pin=R2_HB4-1
Added Net: Name=NetD3_HB4_1
Added Pin To Net: NetName=NetD3_HB5_1 Pin=D3_HB5-1
Added Pin To Net: NetName=NetD3_HB5_1 Pin=Q1_HB5-1
Added Pin To Net: NetName=NetD3_HB5_1 Pin=R1_HB5-2
Added Pin To Net: NetName=NetD3_HB5_1 Pin=R2_HB5-1
Added Net: Name=NetD3_HB5_1
Added Pin To Net: NetName=NetD3_HB6_1 Pin=D3_HB6-1
Added Pin To Net: NetName=NetD3_HB6_1 Pin=Q1_HB6-1
Added Pin To Net: NetName=NetD3_HB6_1 Pin=R1_HB6-2
Added Pin To Net: NetName=NetD3_HB6_1 Pin=R2_HB6-1
Added Net: Name=NetD3_HB6_1
Added Pin To Net: NetName=NetD3_HB7_1 Pin=D3_HB7-1
Added Pin To Net: NetName=NetD3_HB7_1 Pin=Q1_HB7-1
Added Pin To Net: NetName=NetD3_HB7_1 Pin=R1_HB7-2
Added Pin To Net: NetName=NetD3_HB7_1 Pin=R2_HB7-1
Added Net: Name=NetD3_HB7_1
Added Pin To Net: NetName=NetD3_HB8_1 Pin=D3_HB8-1
Added Pin To Net: NetName=NetD3_HB8_1 Pin=Q1_HB8-1
Added Pin To Net: NetName=NetD3_HB8_1 Pin=R1_HB8-2
Added Pin To Net: NetName=NetD3_HB8_1 Pin=R2_HB8-1
Added Net: Name=NetD3_HB8_1
Added Pin To Net: NetName=NetLED1_1 Pin=LED1-1
Added Pin To Net: NetName=NetLED1_1 Pin=R-2
Added Net: Name=NetLED1_1
Added Pin To Net: NetName=NetP5_3 Pin=P5-3
Added Pin To Net: NetName=NetP5_3 Pin=P5-4
Added Pin To Net: NetName=NetP5_3 Pin=R0-2
Added Net: Name=NetP5_3
Added Pin To Net: NetName=PWM1 Pin=2104_HB1-2
Added Pin To Net: NetName=PWM1 Pin=P1-1
Added Net: Name=PWM1
Added Pin To Net: NetName=PWM2 Pin=2104_HB2-2
Added Pin To Net: NetName=PWM2 Pin=P1-4
Added Net: Name=PWM2
Added Pin To Net: NetName=PWM3 Pin=2104_HB3-2
Added Pin To Net: NetName=PWM3 Pin=P2-1
Added Net: Name=PWM3
Added Pin To Net: NetName=PWM4 Pin=2104_HB4-2
Added Pin To Net: NetName=PWM4 Pin=P2-4
Added Net: Name=PWM4
Added Pin To Net: NetName=PWM5 Pin=2104_HB5-2
Added Pin To Net: NetName=PWM5 Pin=P3-1
Added Net: Name=PWM5
Added Pin To Net: NetName=PWM6 Pin=2104_HB6-2
Added Pin To Net: NetName=PWM6 Pin=P3-4
Added Net: Name=PWM6
Added Pin To Net: NetName=PWM7 Pin=2104_HB7-2
Added Pin To Net: NetName=PWM7 Pin=P4-1
Added Net: Name=PWM7
Added Pin To Net: NetName=PWM8 Pin=2104_HB8-2
Added Pin To Net: NetName=PWM8 Pin=P4-4
Added Net: Name=PWM8
Added Pin To Net: NetName=SD1 Pin=2104_HB1-3
Added Pin To Net: NetName=SD1 Pin=P1-2
Added Net: Name=SD1
Added Pin To Net: NetName=SD2 Pin=2104_HB2-3
Added Pin To Net: NetName=SD2 Pin=P1-3
Added Net: Name=SD2
Added Pin To Net: NetName=SD3 Pin=2104_HB3-3
Added Pin To Net: NetName=SD3 Pin=P2-2
Added Net: Name=SD3
Added Pin To Net: NetName=SD4 Pin=2104_HB4-3
Added Pin To Net: NetName=SD4 Pin=P2-3
Added Net: Name=SD4
Added Pin To Net: NetName=SD5 Pin=2104_HB5-3
Added Pin To Net: NetName=SD5 Pin=P3-2
Added Net: Name=SD5
Added Pin To Net: NetName=SD6 Pin=2104_HB6-3
Added Pin To Net: NetName=SD6 Pin=P3-3
Added Net: Name=SD6
Added Pin To Net: NetName=SD7 Pin=2104_HB7-3
Added Pin To Net: NetName=SD7 Pin=P4-2
Added Net: Name=SD7
Added Pin To Net: NetName=SD8 Pin=2104_HB8-3
Added Pin To Net: NetName=SD8 Pin=P4-3
Added Net: Name=SD8
Added Pin To Net: NetName=VCC Pin=78M05-1
Added Pin To Net: NetName=VCC Pin=2104_HB1-1
Added Pin To Net: NetName=VCC Pin=2104_HB2-1
Added Pin To Net: NetName=VCC Pin=2104_HB3-1
Added Pin To Net: NetName=VCC Pin=2104_HB4-1
Added Pin To Net: NetName=VCC Pin=2104_HB5-1
Added Pin To Net: NetName=VCC Pin=2104_HB6-1
Added Pin To Net: NetName=VCC Pin=2104_HB7-1
Added Pin To Net: NetName=VCC Pin=2104_HB8-1
Added Pin To Net: NetName=VCC Pin=C1_HB1-2
Added Pin To Net: NetName=VCC Pin=C1_HB2-2
Added Pin To Net: NetName=VCC Pin=C1_HB3-2
Added Pin To Net: NetName=VCC Pin=C1_HB4-2
Added Pin To Net: NetName=VCC Pin=C1_HB5-2
Added Pin To Net: NetName=VCC Pin=C1_HB6-2
Added Pin To Net: NetName=VCC Pin=C1_HB7-2
Added Pin To Net: NetName=VCC Pin=C1_HB8-2
Added Pin To Net: NetName=VCC Pin=D1_HB1-1
Added Pin To Net: NetName=VCC Pin=D1_HB2-1
Added Pin To Net: NetName=VCC Pin=D1_HB3-1
Added Pin To Net: NetName=VCC Pin=D1_HB4-1
Added Pin To Net: NetName=VCC Pin=D1_HB5-1
Added Pin To Net: NetName=VCC Pin=D1_HB6-1
Added Pin To Net: NetName=VCC Pin=D1_HB7-1
Added Pin To Net: NetName=VCC Pin=D1_HB8-1
Added Pin To Net: NetName=VCC Pin=pad2-1
Added Pin To Net: NetName=VCC Pin=Q2_HB1-2
Added Pin To Net: NetName=VCC Pin=Q2_HB2-2
Added Pin To Net: NetName=VCC Pin=Q2_HB3-2
Added Pin To Net: NetName=VCC Pin=Q2_HB4-2
Added Pin To Net: NetName=VCC Pin=Q2_HB5-2
Added Pin To Net: NetName=VCC Pin=Q2_HB6-2
Added Pin To Net: NetName=VCC Pin=Q2_HB7-2
Added Pin To Net: NetName=VCC Pin=Q2_HB8-2
Added Net: Name=VCC
Added Class: Name=HB1
Added Class: Name=HB2
Added Class: Name=HB3
Added Class: Name=HB4
Added Class: Name=HB5
Added Class: Name=HB6
Added Class: Name=HB7
Added Class: Name=HB8
Added Class: Name=
Added Class: Name=MT[1..8]
Added Class: Name=PWM[1..8]
Added Class: Name=SD[1..8]
Added Class: Name=h
Added Room: Name=HB1
Added Room: Name=HB2
Added Room: Name=HB3
Added Room: Name=HB4
Added Room: Name=HB5
Added Room: Name=HB6
Added Room: Name=HB7
Added Room: Name=HB8
Added Room: Name=
